Arguments: 
  /Users/akoushke/.nvm/versions/node/v12.21.0/bin/node /usr/local/Cellar/yarn/1.22.10/libexec/bin/yarn.js add @tsconfig/node12/tsconfig.json --dev

PATH: 
  /Users/akoushke/.nvm/versions/node/v12.21.0/bin:/usr/local//bin:/usr/local/bin:/usr/bin:/bin:/usr/sbin:/sbin:/Applications/VMware Fusion.app/Contents/Public:/Library/Apple/usr/bin:/Users/akoushke/.nvm/versions/node/v12.21.0/bin:/usr/local//bin:/Development/android-sdk/platform-tools:/Development/android-sdk/tools:/Development/android-sdk/platform-tools:/Development/android-sdk/tools

Yarn version: 
  1.22.10

Node version: 
  12.21.0

Platform: 
  darwin x64

Trace: 
  Error: https://registry.yarnpkg.com/@tsconfig%2fnode12/tsconfig.json: Request "https://registry.yarnpkg.com/@tsconfig%2fnode12/tsconfig.json" returned a 405
      at Request.params.callback [as _callback] (/usr/local/Cellar/yarn/1.22.10/libexec/lib/cli.js:66997:18)
      at Request.self.callback (/usr/local/Cellar/yarn/1.22.10/libexec/lib/cli.js:140749:22)
      at Request.emit (events.js:314:20)
      at Request.<anonymous> (/usr/local/Cellar/yarn/1.22.10/libexec/lib/cli.js:141721:10)
      at Request.emit (events.js:314:20)
      at IncomingMessage.<anonymous> (/usr/local/Cellar/yarn/1.22.10/libexec/lib/cli.js:141643:12)
      at Object.onceWrapper (events.js:420:28)
      at IncomingMessage.emit (events.js:326:22)
      at endReadableNT (_stream_readable.js:1241:12)
      at processTicksAndRejections (internal/process/task_queues.js:84:21)

npm manifest: 
  {
    "name": "voiceatest",
    "version": "1.0.0",
    "main": "index.js",
    "license": "MIT",
    "scripts": {
      "compile": "tsc --project tsconfig.json",
      "start": "WEBEX_LOG_LEVEL=\"silent\" nodemon --no-stdin src/index.ts"
    },
    "devDependencies": {
      "ts-node": "^9.1.1",
      "tsc": "^2.0.3",
      "typescript": "^4.2.4"
    },
    "dependencies": {
      "@wxsd/webex-transcription": "^1.0.1",
      "webex": "^1.120.0",
      "window": "^4.2.7"
    }
  }

yarn manifest: 
  No manifest

Lockfile: 
  # THIS IS AN AUTOGENERATED FILE. DO NOT EDIT THIS FILE DIRECTLY.
  # yarn lockfile v1
  
  
  "@babel/polyfill@^7.12.1":
    version "7.12.1"
    resolved "https://registry.yarnpkg.com/@babel/polyfill/-/polyfill-7.12.1.tgz#1f2d6371d1261bbd961f3c5d5909150e12d0bd96"
    integrity sha512-X0pi0V6gxLi6lFZpGmeNa4zxtwEmCs42isWLNjZZDE0Y8yVfgu0T2OAHlzBbdYlqbW/YXVvoBHpATEM+goCj8g==
    dependencies:
      core-js "^2.6.5"
      regenerator-runtime "^0.13.4"
  
  "@babel/runtime-corejs2@^7.12.5":
    version "7.14.0"
    resolved "https://registry.yarnpkg.com/@babel/runtime-corejs2/-/runtime-corejs2-7.14.0.tgz#5519b92ccc819bd3d0a1ecb25ab3cb5a775485f8"
    integrity sha512-btR4E8JiGlmmDI5YgirlG9z3T91rBdxnVh2YuEStrHDcekffaaIeK+CE0S4IaYUyYhMa7rFDfF2GEO79XNbLEA==
    dependencies:
      core-js "^2.6.5"
      regenerator-runtime "^0.13.4"
  
  "@peculiar/asn1-schema@^2.0.27", "@peculiar/asn1-schema@^2.0.32":
    version "2.0.32"
    resolved "https://registry.yarnpkg.com/@peculiar/asn1-schema/-/asn1-schema-2.0.32.tgz#8711214df06859dbea5491ca0b400602adfbfc45"
    integrity sha512-JzGUVxOFN+RKslJrGAxcq4l6tEmmLY1XuALHINVxc8BJsB4bXOdZzTvxbN9dCPk65Vbulno0B6DmImZ7I6SO8w==
    dependencies:
      "@types/asn1js" "^2.0.0"
      asn1js "^2.1.1"
      pvtsutils "^1.1.2"
      tslib "^2.2.0"
  
  "@peculiar/json-schema@^1.1.12":
    version "1.1.12"
    resolved "https://registry.yarnpkg.com/@peculiar/json-schema/-/json-schema-1.1.12.tgz#fe61e85259e3b5ba5ad566cb62ca75b3d3cd5339"
    integrity sha512-coUfuoMeIB7B8/NMekxaDzLhaYmp0HZNPEjYRm9goRou8UZIC3z21s0sL9AWoCw4EG876QyO3kYrc61WNF9B/w==
    dependencies:
      tslib "^2.0.0"
  
  "@peculiar/webcrypto@^1.0.22":
    version "1.1.7"
    resolved "https://registry.yarnpkg.com/@peculiar/webcrypto/-/webcrypto-1.1.7.tgz#ff02008612e67ab7cc2a92fce04a7f0e2a04b71c"
    integrity sha512-aCNLYdHZkvGH+T8/YBOY33jrVGVuLIa3bpizeHXqwN+P4ZtixhA+kxEEWM1amZwUY2nY/iuj+5jdZn/zB7EPPQ==
    dependencies:
      "@peculiar/asn1-schema" "^2.0.32"
      "@peculiar/json-schema" "^1.1.12"
      pvtsutils "^1.1.6"
      tslib "^2.2.0"
      webcrypto-core "^1.2.0"
  
  "@tokenizer/token@^0.1.1":
    version "0.1.1"
    resolved "https://registry.yarnpkg.com/@tokenizer/token/-/token-0.1.1.tgz#f0d92c12f87079ddfd1b29f614758b9696bc29e3"
    integrity sha512-XO6INPbZCxdprl+9qa/AAbFFOMzzwqYxpjPgLICrMD6C2FCw6qfJOPcBk6JqqPLSaZ/Qx87qn4rpPmPMwaAK6w==
  
  "@types/asn1js@^2.0.0":
    version "2.0.0"
    resolved "https://registry.yarnpkg.com/@types/asn1js/-/asn1js-2.0.0.tgz#10ca75692575744d0117098148a8dc84cbee6682"
    integrity sha512-Jjzp5EqU0hNpADctc/UqhiFbY1y2MqIxBVa2S4dBlbnZHTLPMuggoL5q43X63LpsOIINRDirBjP56DUUKIUWIA==
  
  "@types/debug@^4.1.5":
    version "4.1.5"
    resolved "https://registry.yarnpkg.com/@types/debug/-/debug-4.1.5.tgz#b14efa8852b7768d898906613c23f688713e02cd"
    integrity sha512-Q1y515GcOdTHgagaVFhHnIFQ38ygs/kmxdNpvpou+raI9UO3YZcHDngBSYKQklcKlvA7iuQlmIKbzvmxcOE9CQ==
  
  "@types/node@*":
    version "15.3.1"
    resolved "https://registry.yarnpkg.com/@types/node/-/node-15.3.1.tgz#23a06b87eedb524016616e886b116b8fdcb180af"
    integrity sha512-weaeiP4UF4XgF++3rpQhpIJWsCTS4QJw5gvBhQu6cFIxTwyxWIe3xbnrY/o2lTCQ0lsdb8YIUDUvLR4Vuz5rbw==
  
  "@types/readable-stream@^2.3.9":
    version "2.3.9"
    resolved "https://registry.yarnpkg.com/@types/readable-stream/-/readable-stream-2.3.9.tgz#40a8349e6ace3afd2dd1b6d8e9b02945de4566a9"
    integrity sha512-sqsgQqFT7HmQz/V5jH1O0fvQQnXAJO46Gg9LRO/JPfjmVmGUlcx831TZZO3Y3HtWhIkzf3kTsNT0Z0kzIhIvZw==
    dependencies:
      "@types/node" "*"
      safe-buffer "*"
  
  "@unimodules/core@*":
    version "7.1.0"
    resolved "https://registry.yarnpkg.com/@unimodules/core/-/core-7.1.0.tgz#69139bcfecbacd23778142b2f463605a131cafb5"
    integrity sha512-oLRT4Bkah3GEopkxmTgpHsRTRp+NJ1907ZjE9y/HLh32q7O/3mcbpY77Uvm+EXW0Vh14gOlU+bmkpC0hz3we0w==
    dependencies:
      compare-versions "^3.4.0"
  
  "@unimodules/react-native-adapter@*":
    version "6.2.2"
    resolved "https://registry.yarnpkg.com/@unimodules/react-native-adapter/-/react-native-adapter-6.2.2.tgz#0b76af76589ec5ff2c52f274e40ed609e91c5e4c"
    integrity sha512-hBXL+IX3u+4TcAHu9lIItdycA7pYWZn3Tt7s5TTna9QKHjyrwo0zVss27LkpJ40tXRHyh/GJ8VzN2CD+0M5I2A==
    dependencies:
      invariant "^2.2.4"
  
  "@webex/common-timers@1.120.0":
    version "1.120.0"
    resolved "https://registry.yarnpkg.com/@webex/common-timers/-/common-timers-1.120.0.tgz#0f6332f2257d488cad924c822eb8827ddd335905"
    integrity sha512-YFAsXT0YOILIeN4ZTh5qLBFKpO0NSe/hjYbDe9kR5NDA7AbhdvgBtuvoQoSvltNh/hpKoRGkAlAXW56nFxcFdA==
    dependencies:
      "@babel/runtime-corejs2" "^7.12.5"
      envify "^4.1.0"
  
  "@webex/common@1.120.0":
    version "1.120.0"
    resolved "https://registry.yarnpkg.com/@webex/common/-/common-1.120.0.tgz#822043e90644756fca33043d8960faee9085d162"
    integrity sha512-ex7zXDecVf+xaZoFzGerwTFfd3CtA0IhkGWnFnYKM2768YYqLHWs2E1qpfSxkQhjOSo1jf2bUFXTYWY3XzAAqw==
    dependencies:
      "@babel/runtime-corejs2" "^7.12.5"
      "@webex/common" "1.120.0"
      backoff "^2.5.0"
      core-decorators "^0.20.0"
      envify "^4.1.0"
      lodash "^4.17.21"
      safe-buffer "^5.2.0"
      urlsafe-base64 "^1.0.0"
  
  "@webex/helper-html@1.120.0":
    version "1.120.0"
    resolved "https://registry.yarnpkg.com/@webex/helper-html/-/helper-html-1.120.0.tgz#ca5fd843b5bc71bf042d1c180e2f50739026ad1f"
    integrity sha512-N2aL5R5+OMtNJkuD5S2KR/6DwHqDbFjOqRCofMuA0kyJVyX4xH5fdmHJxtcFDZ1DFNX4mILkKrLaQEyn+P+VYQ==
    dependencies:
      "@babel/runtime-corejs2" "^7.12.5"
      envify "^4.1.0"
      lodash "^4.17.21"
  
  "@webex/helper-image@1.120.0":
    version "1.120.0"
    resolved "https://registry.yarnpkg.com/@webex/helper-image/-/helper-image-1.120.0.tgz#135f8793d1554370631b3ef969ffd222b41217e8"
    integrity sha512-+ZGUEvweg78UlcQB1ueE99QYdicyheCoKMK4rmFbAAb/G6mYCbjytPQwy4nYCJ62+mo6fz3B4xO590rQia37rA==
    dependencies:
      "@babel/runtime-corejs2" "^7.12.5"
      "@webex/http-core" "1.120.0"
      envify "^4.1.0"
      exifr "^5.0.3"
      gm "^1.23.1"
      lodash "^4.17.21"
      mime "^2.4.4"
      safe-buffer "^5.2.0"
  
  "@webex/http-core@1.120.0":
    version "1.120.0"
    resolved "https://registry.yarnpkg.com/@webex/http-core/-/http-core-1.120.0.tgz#48f35607ed08e3c3c150fd0adbeee3ac6512a217"
    integrity sha512-yE6f8n3Qx5+FNhGSEJ+PM4zMLWZ99Ovc1gUrGBxf/fW+Gx40xjLa7htUZJ6v8B+DOye7o+nmRE2iMeS2kV8sGg==
    dependencies:
      "@babel/runtime-corejs2" "^7.12.5"
      "@webex/common" "1.120.0"
      envify "^4.1.0"
      file-type "^16.0.1"
      global "^4.4.0"
      is-function "^1.0.1"
      lodash "^4.17.21"
      parse-headers "^2.0.2"
      qs "^6.7.0"
      request "^2.88.0"
      safe-buffer "^5.2.0"
      xtend "^4.0.2"
  
  "@webex/internal-plugin-calendar@1.120.0":
    version "1.120.0"
    resolved "https://registry.yarnpkg.com/@webex/internal-plugin-calendar/-/internal-plugin-calendar-1.120.0.tgz#922816e3a131ad28badf22290566479e762f039f"
    integrity sha512-kGmvlec5ALpK+tMbwP1pY5W5ZGhha2dS4Ahjfs7XIJTpMYBqRaG3Smw6EPQxCKq+aYergBOl3Zi2Byc4LezjDA==
    dependencies:
      "@babel/runtime-corejs2" "^7.12.5"
      "@webex/internal-plugin-conversation" "1.120.0"
      "@webex/internal-plugin-device" "1.120.0"
      "@webex/internal-plugin-encryption" "1.120.0"
      "@webex/webex-core" "1.120.0"
      btoa "^1.2.1"
      envify "^4.1.0"
      lodash "^4.17.21"
  
  "@webex/internal-plugin-conversation@1.120.0":
    version "1.120.0"
    resolved "https://registry.yarnpkg.com/@webex/internal-plugin-conversation/-/internal-plugin-conversation-1.120.0.tgz#44c7779e33afd14b4d891492e9768b236ef7290a"
    integrity sha512-Nn1K4mV3vlToT3fAOJ15Fus+qBBbk6tYzy0EDSzG2OjOdwcHgMKCZXUhGba+luagsyQBli6RxJy4Vg8K4YwV1Q==
    dependencies:
      "@babel/runtime-corejs2" "^7.12.5"
      "@webex/common" "1.120.0"
      "@webex/helper-html" "1.120.0"
      "@webex/helper-image" "1.120.0"
      "@webex/internal-plugin-encryption" "1.120.0"
      "@webex/internal-plugin-user" "1.120.0"
      "@webex/webex-core" "1.120.0"
      crypto-js "^3.1.9-1"
      envify "^4.1.0"
      lodash "^4.17.21"
      node-scr "^0.3.0"
      uuid "^3.3.2"
  
  "@webex/internal-plugin-device@1.120.0":
    version "1.120.0"
    resolved "https://registry.yarnpkg.com/@webex/internal-plugin-device/-/internal-plugin-device-1.120.0.tgz#73e45d72cedce865d38ea50c495e5aa692e3e4a6"
    integrity sha512-Yp9eEqIGDMzbC0CTyoYOuMzU0pc61xqvf9vxMMHO5tyi/IDah5VGD6M3hpO0JdpRCzOuB2fMcBRRydB3BGopyg==
    dependencies:
      "@babel/runtime-corejs2" "^7.12.5"
      "@webex/common" "1.120.0"
      "@webex/common-timers" "1.120.0"
      "@webex/http-core" "1.120.0"
      "@webex/webex-core" "1.120.0"
      ampersand-collection "^2.0.2"
      ampersand-state "^5.0.3"
      envify "^4.1.0"
      lodash "^4.17.21"
  
  "@webex/internal-plugin-encryption@1.120.0":
    version "1.120.0"
    resolved "https://registry.yarnpkg.com/@webex/internal-plugin-encryption/-/internal-plugin-encryption-1.120.0.tgz#36fc18ddd65a98c78d25825b54b4288b7d14035c"
    integrity sha512-fg64YpwKRA2Qr1cHUBxtkSBKmwsf1/T2ZkEKYdqopPwh08FBrlP56DA3QoCujdffSGp3r8vZ9xbx2QY9KcXrzg==
    dependencies:
      "@babel/runtime-corejs2" "^7.12.5"
      "@webex/common" "1.120.0"
      "@webex/common-timers" "1.120.0"
      "@webex/http-core" "1.120.0"
      "@webex/internal-plugin-device" "1.120.0"
      "@webex/internal-plugin-mercury" "1.120.0"
      "@webex/webex-core" "1.120.0"
      asn1js "^2.0.26"
      debug "^3.2.6"
      envify "^4.1.0"
      isomorphic-webcrypto "^2.3.8"
      lodash "^4.17.21"
      node-jose "^2.0.0"
      node-kms "^0.4.0"
      node-scr "^0.3.0"
      pkijs "^2.1.84"
      safe-buffer "^5.2.0"
      valid-url "^1.0.9"
  
  "@webex/internal-plugin-feature@1.120.0":
    version "1.120.0"
    resolved "https://registry.yarnpkg.com/@webex/internal-plugin-feature/-/internal-plugin-feature-1.120.0.tgz#9f78541ec5663619cd67cf2417d7dbc94cd5b43e"
    integrity sha512-E7zK8jsExWUoyMgyP//U0TxeIgGvlGVDGSALg75zdXOOiCnq0Oc3VI4cWDb9PQzHNmfP4MNDrwjavlUepXm+7w==
    dependencies:
      "@babel/runtime-corejs2" "^7.12.5"
      "@webex/internal-plugin-device" "1.120.0"
      "@webex/internal-plugin-mercury" "1.120.0"
      "@webex/webex-core" "1.120.0"
      envify "^4.1.0"
      lodash "^4.17.21"
  
  "@webex/internal-plugin-lyra@1.120.0":
    version "1.120.0"
    resolved "https://registry.yarnpkg.com/@webex/internal-plugin-lyra/-/internal-plugin-lyra-1.120.0.tgz#3d5d8e8f4ed682df5b602f9928f7a2dac2904565"
    integrity sha512-zR5iD7vOHgpsak5r7KvXw6gtMwu6s3x8WQKpRa1eRho+cmy/HnCyo7Von311LmqFLndwwOPkhQHxW12p1FDjZQ==
    dependencies:
      "@babel/runtime-corejs2" "^7.12.5"
      "@webex/common" "1.120.0"
      "@webex/internal-plugin-conversation" "1.120.0"
      "@webex/internal-plugin-encryption" "1.120.0"
      "@webex/internal-plugin-feature" "1.120.0"
      "@webex/internal-plugin-mercury" "1.120.0"
      "@webex/webex-core" "1.120.0"
      envify "^4.1.0"
  
  "@webex/internal-plugin-mercury@1.120.0":
    version "1.120.0"
    resolved "https://registry.yarnpkg.com/@webex/internal-plugin-mercury/-/internal-plugin-mercury-1.120.0.tgz#0f3bebe3264d399f01e4b9ccb26aca8d4480a4c2"
    integrity sha512-tSbPG21cqdCPKgtM0g5qAADSfeo5j6sCh5aFMiCPZB+MPx/RAAs1Dwz3y3fyTaK0wNK+MkIMBY5AurMAPiK4GA==
    dependencies:
      "@babel/runtime-corejs2" "^7.12.5"
      "@webex/common" "1.120.0"
      "@webex/common-timers" "1.120.0"
      "@webex/internal-plugin-device" "1.120.0"
      "@webex/internal-plugin-feature" "1.120.0"
      "@webex/internal-plugin-metrics" "1.120.0"
      "@webex/webex-core" "1.120.0"
      backoff "^2.5.0"
      envify "^4.1.0"
      lodash "^4.17.21"
      uuid "^3.3.2"
      ws "^4.1.0"
  
  "@webex/internal-plugin-metrics@1.120.0":
    version "1.120.0"
    resolved "https://registry.yarnpkg.com/@webex/internal-plugin-metrics/-/internal-plugin-metrics-1.120.0.tgz#e7e09cff8fb61c2b6d7ebe3e36255a0040a4ec47"
    integrity sha512-PwuSkpLC8P7niNPGpSgX10dHpsEGp/qMF22e6vIr9s7McqhjfisVrjHLrAAejbOmVk4fND4DrlEbo0N9LUe0aQ==
    dependencies:
      "@babel/runtime-corejs2" "^7.12.5"
      "@webex/common" "1.120.0"
      "@webex/common-timers" "1.120.0"
      "@webex/internal-plugin-device" "1.120.0"
      "@webex/webex-core" "1.120.0"
      envify "^4.1.0"
  
  "@webex/internal-plugin-presence@1.120.0":
    version "1.120.0"
    resolved "https://registry.yarnpkg.com/@webex/internal-plugin-presence/-/internal-plugin-presence-1.120.0.tgz#bb24532fffb35979e98765aebd5d464d6fa81d76"
    integrity sha512-UiJ6UOVtTA7MGeRi77iji+EqgkUaceKpMOOWB9ecpFK16ySVM6xk6h2J6Uwpv3YUcEAxiFFt/rI/4cTBlGDkyQ==
    dependencies:
      "@babel/runtime-corejs2" "^7.12.5"
      "@webex/internal-plugin-device" "1.120.0"
      "@webex/webex-core" "1.120.0"
      envify "^4.1.0"
      lodash "^4.17.21"
  
  "@webex/internal-plugin-search@1.120.0":
    version "1.120.0"
    resolved "https://registry.yarnpkg.com/@webex/internal-plugin-search/-/internal-plugin-search-1.120.0.tgz#b30fed04b71aebb11e8db3c75261c3e4c57b88d5"
    integrity sha512-/+MsV57PgFfqnrYLy//gyLwZaziYAntFtzxV5zXT4kZk9MnC1Dp/kwDNrsJNvbk0mAVZkWJJngIt1FrK0yXqOw==
    dependencies:
      "@babel/runtime-corejs2" "^7.12.5"
      "@webex/common" "1.120.0"
      "@webex/internal-plugin-conversation" "1.120.0"
      "@webex/internal-plugin-encryption" "1.120.0"
      "@webex/webex-core" "1.120.0"
      envify "^4.1.0"
      lodash "^4.17.21"
  
  "@webex/internal-plugin-support@1.120.0":
    version "1.120.0"
    resolved "https://registry.yarnpkg.com/@webex/internal-plugin-support/-/internal-plugin-support-1.120.0.tgz#294f37a86286a76fdd414dbd9f0bf7592030ebf7"
    integrity sha512-sbHpH8dQoLhQPgfKixbdIsm/ztpzkMU9tLYeX4UfHOXehnoXQp6yxnDz18lGeShXZSDbSoxWUTt2OJg5KP5Cyg==
    dependencies:
      "@babel/runtime-corejs2" "^7.12.5"
      "@webex/internal-plugin-device" "1.120.0"
      "@webex/webex-core" "1.120.0"
      envify "^4.1.0"
      lodash "^4.17.21"
      uuid "^3.3.2"
  
  "@webex/internal-plugin-user@1.120.0":
    version "1.120.0"
    resolved "https://registry.yarnpkg.com/@webex/internal-plugin-user/-/internal-plugin-user-1.120.0.tgz#e435d28a0086b3a45f8d53e89e2c62f302d40fbb"
    integrity sha512-ZSumPTkbcwZVjRnGGQGxLygxJPFU+sMyDQXusPYeNXTSEJNN+rYqowZlGNchm/6bu0h+MYXhQXxAGcShPY6ovQ==
    dependencies:
      "@babel/runtime-corejs2" "^7.12.5"
      "@webex/common" "1.120.0"
      "@webex/internal-plugin-device" "1.120.0"
      "@webex/webex-core" "1.120.0"
      envify "^4.1.0"
      lodash "^4.17.21"
  
  "@webex/plugin-attachment-actions@1.120.0":
    version "1.120.0"
    resolved "https://registry.yarnpkg.com/@webex/plugin-attachment-actions/-/plugin-attachment-actions-1.120.0.tgz#cb013422ac4ba21dd6e1726484b545a8755e2799"
    integrity sha512-JEwmuldezhuY72C3ottWIPhNvCb/QUytJ5Gxkyn1jUFvFbVjYHMLMRWobyBGl1zSajoinsKdBRnvCe+m3Q4/0w==
    dependencies:
      "@babel/runtime-corejs2" "^7.12.5"
      "@webex/common" "1.120.0"
      "@webex/internal-plugin-conversation" "1.120.0"
      "@webex/internal-plugin-mercury" "1.120.0"
      "@webex/webex-core" "1.120.0"
      debug "^3.2.6"
      envify "^4.1.0"
      lodash "^4.17.21"
  
  "@webex/plugin-authorization-browser@1.120.0":
    version "1.120.0"
    resolved "https://registry.yarnpkg.com/@webex/plugin-authorization-browser/-/plugin-authorization-browser-1.120.0.tgz#38521672534adbfe9db180ac54fb99da37c76eeb"
    integrity sha512-/8xjye4LxLpExBbVh/wf2m0Y+PjuZTmUPFtJrdOrtr0I4CGFtkX/aX8t2CKU8WWmmJKdxGrYhOTFQ/tICK781w==
    dependencies:
      "@babel/runtime-corejs2" "^7.12.5"
      "@webex/common" "1.120.0"
      "@webex/internal-plugin-device" "1.120.0"
      "@webex/webex-core" "1.120.0"
      envify "^4.1.0"
      lodash "^4.17.21"
      uuid "^3.3.2"
  
  "@webex/plugin-authorization-node@1.120.0":
    version "1.120.0"
    resolved "https://registry.yarnpkg.com/@webex/plugin-authorization-node/-/plugin-authorization-node-1.120.0.tgz#4d367692662185bec1295eca09547b7ab248b623"
    integrity sha512-dOfPeiRcUn3hPW93hQ5udO0AvCJo1L50hBteElJJpjAFtVPldE5CCY7EzJWjCYgNqINaExtmNSN/2TzA9ekjgA==
    dependencies:
      "@babel/runtime-corejs2" "^7.12.5"
      "@webex/common" "1.120.0"
      "@webex/internal-plugin-device" "1.120.0"
      "@webex/webex-core" "1.120.0"
      envify "^4.1.0"
  
  "@webex/plugin-authorization@1.120.0":
    version "1.120.0"
    resolved "https://registry.yarnpkg.com/@webex/plugin-authorization/-/plugin-authorization-1.120.0.tgz#00704ee50cca2da8a751d79d0ae6e23fb5cc2ff7"
    integrity sha512-CMtHsp6MK3JrjF1upYPcC6qtfd1bWXbxbL6BC+WOLKZVkqV4AB3UBCiP0Ha55uoeGOjOegVOJdNCNDMv0vwySg==
    dependencies:
      "@babel/runtime-corejs2" "^7.12.5"
      "@webex/plugin-authorization-browser" "1.120.0"
      "@webex/plugin-authorization-node" "1.120.0"
      envify "^4.1.0"
  
  "@webex/plugin-device-manager@1.120.0":
    version "1.120.0"
    resolved "https://registry.yarnpkg.com/@webex/plugin-device-manager/-/plugin-device-manager-1.120.0.tgz#2011945a903038c1ce538a852e461bdd25d70c16"
    integrity sha512-NNzPiRWzdi8LbYeHkmJmq4saEfAYBhJu5Ak/Ao2uqxJw0iNcS9rHvjy7cTU1TAoKMKdAbhmugA/CHR8m78zRiA==
    dependencies:
      "@babel/runtime-corejs2" "^7.12.5"
      "@webex/internal-plugin-device" "1.120.0"
      "@webex/internal-plugin-lyra" "1.120.0"
      "@webex/internal-plugin-search" "1.120.0"
      "@webex/webex-core" "1.120.0"
      envify "^4.1.0"
      lodash "^4.17.21"
      uuid "^3.3.2"
  
  "@webex/plugin-logger@1.120.0":
    version "1.120.0"
    resolved "https://registry.yarnpkg.com/@webex/plugin-logger/-/plugin-logger-1.120.0.tgz#b2bf5fd9a0bea718048e447d21675e5bf2f05c29"
    integrity sha512-3J97n80f0g4sHJtFAxQzpXwnEnkb2yiyq2K03wBKV7YfbvNMdlQLGsTAZeL5LRji3/NnTKmanZHMJsCuzEtSAw==
    dependencies:
      "@babel/runtime-corejs2" "^7.12.5"
      "@webex/common" "1.120.0"
      "@webex/webex-core" "1.120.0"
      envify "^4.1.0"
      lodash "^4.17.21"
  
  "@webex/plugin-meetings@1.120.0":
    version "1.120.0"
    resolved "https://registry.yarnpkg.com/@webex/plugin-meetings/-/plugin-meetings-1.120.0.tgz#49d8ebef3525129ec8106d4a032f1ee81167a7a9"
    integrity sha512-9iw9B35XNKqZOubxzTRGiuv5CFjPF/oBRW8mu94ub2xOp1e6LlOwVVrhCTGvLtTOi1WYGHKvPx8EmmCiQqGtQA==
    dependencies:
      "@babel/runtime-corejs2" "^7.12.5"
      "@webex/common" "1.120.0"
      "@webex/common-timers" "1.120.0"
      "@webex/internal-plugin-mercury" "1.120.0"
      "@webex/webex-core" "1.120.0"
      bowser "^2.11.0"
      btoa "^1.2.1"
      envify "^4.1.0"
      global "^4.4.0"
      javascript-state-machine "^3.1.0"
      lodash "^4.17.21"
      readable-stream "^3.6.0"
      sdp-transform "^2.12.0"
      uuid "^3.3.2"
      webrtc-adapter "^7.7.0"
  
  "@webex/plugin-memberships@1.120.0":
    version "1.120.0"
    resolved "https://registry.yarnpkg.com/@webex/plugin-memberships/-/plugin-memberships-1.120.0.tgz#263aa06641368c06023e40392013958dbf7cd148"
    integrity sha512-17B2G8pTFD4yuP41+oIk/M6yzSJPlX/gb0fYaYxsYrGXLI6359Ge1/KhgLLRFL1YLWaIddM3EzMxkPUP9zKQmw==
    dependencies:
      "@babel/runtime-corejs2" "^7.12.5"
      "@webex/common" "1.120.0"
      "@webex/internal-plugin-conversation" "1.120.0"
      "@webex/internal-plugin-mercury" "1.120.0"
      "@webex/webex-core" "1.120.0"
      debug "^3.2.6"
      envify "^4.1.0"
      lodash "^4.17.21"
  
  "@webex/plugin-messages@1.120.0":
    version "1.120.0"
    resolved "https://registry.yarnpkg.com/@webex/plugin-messages/-/plugin-messages-1.120.0.tgz#012b952bd8d56d51a22d78fbafd57724d6cf067f"
    integrity sha512-WcvP9yFRoEk7wsiSu8xZXnQdpGfDVK9dH2s/ibKw9012uS2MdCYZzsdCGbuIS6wxw2+2dIq8Nb4gDrVdidjdEw==
    dependencies:
      "@babel/runtime-corejs2" "^7.12.5"
      "@webex/common" "1.120.0"
      "@webex/internal-plugin-conversation" "1.120.0"
      "@webex/internal-plugin-mercury" "1.120.0"
      "@webex/webex-core" "1.120.0"
      envify "^4.1.0"
      lodash "^4.17.21"
  
  "@webex/plugin-people@1.120.0":
    version "1.120.0"
    resolved "https://registry.yarnpkg.com/@webex/plugin-people/-/plugin-people-1.120.0.tgz#56fde5b82267f2bb3a6213d02419d172ec312d9c"
    integrity sha512-Xw5TDRopNXqP6u8HNbwqb2sRpWUah25vy6biZTwdo9ADGoUviK7YYLNZxSbrhZoo6DeqhrcUuNlfgjFrFJA6tQ==
    dependencies:
      "@babel/runtime-corejs2" "^7.12.5"
      "@webex/common" "1.120.0"
      "@webex/webex-core" "1.120.0"
      envify "^4.1.0"
  
  "@webex/plugin-rooms@1.120.0":
    version "1.120.0"
    resolved "https://registry.yarnpkg.com/@webex/plugin-rooms/-/plugin-rooms-1.120.0.tgz#f2b347da2cd732c2bd6dab3f965de21fd868a320"
    integrity sha512-gWkShBiHleiq2DYVAbaQsr7LqLjDRw+q5egcpaBIbdVdTgRrrftPUxDcAPbXv5OzAFj/YU5ceztvqILrvui6sw==
    dependencies:
      "@babel/runtime-corejs2" "^7.12.5"
      "@webex/common" "1.120.0"
      "@webex/internal-plugin-conversation" "1.120.0"
      "@webex/internal-plugin-mercury" "1.120.0"
      "@webex/webex-core" "1.120.0"
      debug "^3.2.6"
      envify "^4.1.0"
      lodash "^4.17.21"
  
  "@webex/plugin-team-memberships@1.120.0":
    version "1.120.0"
    resolved "https://registry.yarnpkg.com/@webex/plugin-team-memberships/-/plugin-team-memberships-1.120.0.tgz#648cdf92556eeab05be70016ba6e2015bd07fb4e"
    integrity sha512-euVO2QLjXqV1dQCN37jOe6axuA8cvaqgFrjsmDUzZokmcNX0F5aCO/prZQDlEa6i9ciEmiL7I6VWOEJdzdy83A==
    dependencies:
      "@babel/runtime-corejs2" "^7.12.5"
      "@webex/webex-core" "1.120.0"
      envify "^4.1.0"
  
  "@webex/plugin-teams@1.120.0":
    version "1.120.0"
    resolved "https://registry.yarnpkg.com/@webex/plugin-teams/-/plugin-teams-1.120.0.tgz#1f45905b107a5e956baa77573fb49f4126c0d1ff"
    integrity sha512-2ERMSQdNz2LYmGpad0fHmZOB3Me93VfTGgQ7eZHD09qrHh8rI7Ci9zLsaiRFxvImEM9H6GoEHuTjQCi/CNcxfA==
    dependencies:
      "@babel/runtime-corejs2" "^7.12.5"
      "@webex/webex-core" "1.120.0"
      envify "^4.1.0"
  
  "@webex/plugin-webhooks@1.120.0":
    version "1.120.0"
    resolved "https://registry.yarnpkg.com/@webex/plugin-webhooks/-/plugin-webhooks-1.120.0.tgz#e5b5a875a525b1269fc1a7fa837787d52b0a9805"
    integrity sha512-ABQg6DQR7lZzZgIdlrJpEuQHqVrkOwcNKpnRx0el4w/D1psUMod48gwtA9u//jrMloQL4nYeSZz3tOhYX4zc4g==
    dependencies:
      "@babel/runtime-corejs2" "^7.12.5"
      "@webex/webex-core" "1.120.0"
      envify "^4.1.0"
  
  "@webex/storage-adapter-local-storage@1.120.0":
    version "1.120.0"
    resolved "https://registry.yarnpkg.com/@webex/storage-adapter-local-storage/-/storage-adapter-local-storage-1.120.0.tgz#35cee9f4e3762662d077d12b7d65862bb1f3ea49"
    integrity sha512-AEt5uBr2HpT+hugjKtjIjpyg/2czstCads5ClOqGBSHTt2S9/7Ci1iOQGUSxwMWy/bycnUNmaa/iR/ef8LqUtA==
    dependencies:
      "@babel/runtime-corejs2" "^7.12.5"
      "@webex/webex-core" "1.120.0"
      envify "^4.1.0"
  
  "@webex/webex-core@1.120.0":
    version "1.120.0"
    resolved "https://registry.yarnpkg.com/@webex/webex-core/-/webex-core-1.120.0.tgz#ba38cb6c561a875d3ca39df89bb6da008a3a8d3f"
    integrity sha512-6GP8IlzJ/HrKLdEYKNKeaqIJt0m0xX0ZeGY2ILV/EdpB090mk7TXRAyo+WmLrtUS5mq1DrLpWR6B0NvKbYWJbw==
    dependencies:
      "@babel/runtime-corejs2" "^7.12.5"
      "@webex/common" "1.120.0"
      "@webex/common-timers" "1.120.0"
      "@webex/http-core" "1.120.0"
      "@webex/webex-core" "1.120.0"
      ampersand-collection "^2.0.2"
      ampersand-events "^2.0.2"
      ampersand-state "^5.0.3"
      core-decorators "^0.20.0"
      crypto-js "^3.1.9-1"
      envify "^4.1.0"
      jsonwebtoken "^8.5.1"
      lodash "^4.17.21"
      uuid "^3.3.2"
  
  "@wxsd/webex-transcription@^1.0.1":
    version "1.0.1"
    resolved "https://registry.yarnpkg.com/@wxsd/webex-transcription/-/webex-transcription-1.0.1.tgz#a4a7db8e3faa6dc66e294a26ac58657480137ab2"
    integrity sha512-+RCRRUNvSZR3ogzClNaJuYwrm9BUEP93rVrUZt0JU5j/BWGev5Y1OtUyyFEelnmAIFOT4wN/xNN7FdZHSljrpg==
    dependencies:
      axios "^0.21.1"
      uuid "^8.3.2"
      ws "^7.4.4"
  
  abab@^2.0.0:
    version "2.0.5"
    resolved "https://registry.yarnpkg.com/abab/-/abab-2.0.5.tgz#c0b678fb32d60fc1219c784d6a826fe385aeb79a"
    integrity sha512-9IK9EadsbHo6jLWIpxpR6pL0sazTXV6+SQv25ZB+F7Bj9mJNaOc4nCRabwd5M/JwmUa8idz6Eci6eKfJryPs6Q==
  
  acorn-globals@^4.3.0:
    version "4.3.4"
    resolved "https://registry.yarnpkg.com/acorn-globals/-/acorn-globals-4.3.4.tgz#9fa1926addc11c97308c4e66d7add0d40c3272e7"
    integrity sha512-clfQEh21R+D0leSbUdWf3OcfqyaCSAQ8Ryq00bofSekfr9W8u1jyYZo6ir0xu9Gtcf7BjcHJpnbZH7JOCpP60A==
    dependencies:
      acorn "^6.0.1"
      acorn-walk "^6.0.1"
  
  acorn-walk@^6.0.1:
    version "6.2.0"
    resolved "https://registry.yarnpkg.com/acorn-walk/-/acorn-walk-6.2.0.tgz#123cb8f3b84c2171f1f7fb252615b1c78a6b1a8c"
    integrity sha512-7evsyfH1cLOCdAzZAd43Cic04yKydNx0cF+7tiA19p1XnLLPU4dpCQOqpjqwokFe//vS0QqfqqjCS2JkiIs0cA==
  
  acorn@^6.0.1, acorn@^6.0.4:
    version "6.4.2"
    resolved "https://registry.yarnpkg.com/acorn/-/acorn-6.4.2.tgz#35866fd710528e92de10cf06016498e47e39e1e6"
    integrity sha512-XtGIhXwF8YM8bJhGxG5kXgjkEuNGLTkoYqVE+KMR+aspr4KGYmKYg7yUe3KghyQ9yheNwLnjmzh/7+gfDBmHCQ==
  
  ajv@^6.12.3:
    version "6.12.6"
    resolved "https://registry.yarnpkg.com/ajv/-/ajv-6.12.6.tgz#baf5a62e802b07d977034586f8c3baf5adf26df4"
    integrity sha512-j3fVLgvTo527anyYyJOGTYJbG+vnnQYvE0m5mmkc1TK+nxAppkCLMIL0aZ4dblVCNoGShhm+kzE4ZUykBoMg4g==
    dependencies:
      fast-deep-equal "^3.1.1"
      fast-json-stable-stringify "^2.0.0"
      json-schema-traverse "^0.4.1"
      uri-js "^4.2.2"
  
  ampersand-class-extend@^2.0.0:
    version "2.0.0"
    resolved "https://registry.yarnpkg.com/ampersand-class-extend/-/ampersand-class-extend-2.0.0.tgz#52895ffa59217634a6188fd184b1048f5d808aff"
    integrity sha1-Uolf+lkhdjSmGI/RhLEEj12Aiv8=
    dependencies:
      lodash "^4.11.1"
  
  ampersand-collection@^2.0.2:
    version "2.0.2"
    resolved "https://registry.yarnpkg.com/ampersand-collection/-/ampersand-collection-2.0.2.tgz#7e19374f677b9abd1e2e977a784566a8f7b15302"
    integrity sha512-IjDa4HTL/tdQDDL0SGyWk4AHD02iNtUSLRWkAsJ2biPvapljW9HNgIEIdbPnnR+7Gb9BJkjesaLNjVZfAMzeuA==
    dependencies:
      ampersand-class-extend "^2.0.0"
      ampersand-events "^2.0.1"
      ampersand-version "^1.0.2"
      lodash "^4.11.1"
  
  ampersand-events@^2.0.1, ampersand-events@^2.0.2:
    version "2.0.2"
    resolved "https://registry.yarnpkg.com/ampersand-events/-/ampersand-events-2.0.2.tgz#f402bc2e18305fabd995dbdcd3b7057bbdd7d347"
    integrity sha1-9AK8LhgwX6vZldvc07cFe73X00c=
    dependencies:
      ampersand-version "^1.0.2"
      lodash "^4.6.1"
  
  ampersand-state@^5.0.3:
    version "5.0.3"
    resolved "https://registry.yarnpkg.com/ampersand-state/-/ampersand-state-5.0.3.tgz#33402ea604375af64a249f664a0312c1160da475"
    integrity sha512-sr904K5zvw6mkGjFHhTcfBIdpoJ6mn/HrFg7OleRmBpw3apLb3Z0gVrgRTb7kK1wOLI34vs4S+IXqNHUeqWCzw==
    dependencies:
      ampersand-events "^2.0.1"
      ampersand-version "^1.0.0"
      array-next "~0.0.1"
      key-tree-store "^1.3.0"
      lodash "^4.12.0"
  
  ampersand-version@^1.0.0, ampersand-version@^1.0.2:
    version "1.0.2"
    resolved "https://registry.yarnpkg.com/ampersand-version/-/ampersand-version-1.0.2.tgz#ff8f3d4ceac4d32ccd83f6bd6697397f7b59e2c0"
    integrity sha1-/489TOrE0yzNg/a9Zpc5f3tZ4sA=
    dependencies:
      find-root "^0.1.1"
      through2 "^0.6.3"
  
  arg@^4.1.0:
    version "4.1.3"
    resolved "https://registry.yarnpkg.com/arg/-/arg-4.1.3.tgz#269fc7ad5b8e42cb63c896d5666017261c144089"
    integrity sha512-58S9QDqG0Xx27YwPSt9fJxivjYl432YCwfDMfZ+71RAqUrZef7LrKQZ3LHLOwCS4FLNBplP533Zx895SeOCHvA==
  
  array-equal@^1.0.0:
    version "1.0.0"
    resolved "https://registry.yarnpkg.com/array-equal/-/array-equal-1.0.0.tgz#8c2a5ef2472fd9ea742b04c77a75093ba2757c93"
    integrity sha1-jCpe8kcv2ep0KwTHenUJO6J1fJM=
  
  array-next@~0.0.1:
    version "0.0.1"
    resolved "https://registry.yarnpkg.com/array-next/-/array-next-0.0.1.tgz#e5e4660a4c27fda8151ff7764275d00900062be1"
    integrity sha1-5eRmCkwn/agVH/d2QnXQCQAGK+E=
  
  array-parallel@~0.1.3:
    version "0.1.3"
    resolved "https://registry.yarnpkg.com/array-parallel/-/array-parallel-0.1.3.tgz#8f785308926ed5aa478c47e64d1b334b6c0c947d"
    integrity sha1-j3hTCJJu1apHjEfmTRszS2wMlH0=
  
  array-series@~0.1.5:
    version "0.1.5"
    resolved "https://registry.yarnpkg.com/array-series/-/array-series-0.1.5.tgz#df5d37bfc5c2ef0755e2aa4f92feae7d4b5a972f"
    integrity sha1-3103v8XC7wdV4qpPkv6ufUtaly8=
  
  asmcrypto.js@^0.22.0:
    version "0.22.0"
    resolved "https://registry.yarnpkg.com/asmcrypto.js/-/asmcrypto.js-0.22.0.tgz#38fc1440884d802c7bd37d1d23c2b26a5cd5d2d2"
    integrity sha512-usgMoyXjMbx/ZPdzTSXExhMPur2FTdz/Vo5PVx2gIaBcdAAJNOFlsdgqveM8Cff7W0v+xrf9BwjOV26JSAF9qA==
  
  asn1@~0.2.3:
    version "0.2.4"
    resolved "https://registry.yarnpkg.com/asn1/-/asn1-0.2.4.tgz#8d2475dfab553bb33e77b54e59e880bb8ce23136"
    integrity sha512-jxwzQpLQjSmWXgwaCZE9Nz+glAG01yF1QnWgbhGwHI5A6FRIEY6IVqtHhIepHqI7/kyEyQEagBC5mBEFlIYvdg==
    dependencies:
      safer-buffer "~2.1.0"
  
  asn1js@^2.0.26, asn1js@^2.1.1:
    version "2.1.1"
    resolved "https://registry.yarnpkg.com/asn1js/-/asn1js-2.1.1.tgz#bb3896191ebb5fb1caeda73436a6c6e20a2eedff"
    integrity sha512-t9u0dU0rJN4ML+uxgN6VM2Z4H5jWIYm0w8LsZLzMJaQsgL3IJNbxHgmbWDvJAwspyHpDFuzUaUFh4c05UB4+6g==
    dependencies:
      pvutils latest
  
  assert-plus@1.0.0, assert-plus@^1.0.0:
    version "1.0.0"
    resolved "https://registry.yarnpkg.com/assert-plus/-/assert-plus-1.0.0.tgz#f12e0f3c5d77b0b1cdd9146942e4e96c1e4dd525"
    integrity sha1-8S4PPF13sLHN2RRpQuTpbB5N1SU=
  
  async-limiter@~1.0.0:
    version "1.0.1"
    resolved "https://registry.yarnpkg.com/async-limiter/-/async-limiter-1.0.1.tgz#dd379e94f0db8310b08291f9d64c3209766617fd"
    integrity sha512-csOlWGAcRFJaI6m+F2WKdnMKr4HhdhFVBk0H/QbJFMCr+uO2kwohwXQPxw/9OCxp05r5ghVBFSyioixx3gfkNQ==
  
  asynckit@^0.4.0:
    version "0.4.0"
    resolved "https://registry.yarnpkg.com/asynckit/-/asynckit-0.4.0.tgz#c79ed97f7f34cb8f2ba1bc9790bcc366474b4b79"
    integrity sha1-x57Zf380y48robyXkLzDZkdLS3k=
  
  aws-sign2@~0.7.0:
    version "0.7.0"
    resolved "https://registry.yarnpkg.com/aws-sign2/-/aws-sign2-0.7.0.tgz#b46e890934a9591f2d2f6f86d7e6a9f1b3fe76a8"
    integrity sha1-tG6JCTSpWR8tL2+G1+ap8bP+dqg=
  
  aws4@^1.8.0:
    version "1.11.0"
    resolved "https://registry.yarnpkg.com/aws4/-/aws4-1.11.0.tgz#d61f46d83b2519250e2784daf5b09479a8b41c59"
    integrity sha512-xh1Rl34h6Fi1DC2WWKfxUTVqRsNnr6LsKz2+hfwDxQJWmrx8+c7ylaqBMcHfl1U1r2dsifOvKX3LQuLNZ+XSvA==
  
  axios@^0.21.1:
    version "0.21.1"
    resolved "https://registry.yarnpkg.com/axios/-/axios-0.21.1.tgz#22563481962f4d6bde9a76d516ef0e5d3c09b2b8"
    integrity sha512-dKQiRHxGD9PPRIUNIWvZhPTPpl1rf/OxTYKsqKUDjBwYylTvV7SjSHJb9ratfyzM6wCdLCOYLzs73qpg5c4iGA==
    dependencies:
      follow-redirects "^1.10.0"
  
  b64-lite@^1.3.1, b64-lite@^1.4.0:
    version "1.4.0"
    resolved "https://registry.yarnpkg.com/b64-lite/-/b64-lite-1.4.0.tgz#e62442de11f1f21c60e38b74f111ac0242283d3d"
    integrity sha512-aHe97M7DXt+dkpa8fHlCcm1CnskAHrJqEfMI0KN7dwqlzml/aUe1AGt6lk51HzrSfVD67xOso84sOpr+0wIe2w==
    dependencies:
      base-64 "^0.1.0"
  
  b64u-lite@^1.0.1:
    version "1.1.0"
    resolved "https://registry.yarnpkg.com/b64u-lite/-/b64u-lite-1.1.0.tgz#a581b7df94cbd4bed7cbb19feae816654f0b1bf0"
    integrity sha512-929qWGDVCRph7gQVTC6koHqQIpF4vtVaSbwLltFQo44B1bYUquALswZdBKFfrJCPEnsCOvWkJsPdQYZ/Ukhw8A==
    dependencies:
      b64-lite "^1.4.0"
  
  backoff@^2.5.0:
    version "2.5.0"
    resolved "https://registry.yarnpkg.com/backoff/-/backoff-2.5.0.tgz#f616eda9d3e4b66b8ca7fca79f695722c5f8e26f"
    integrity sha1-9hbtqdPktmuMp/ynn2lXIsX44m8=
    dependencies:
      precond "0.2"
  
  base-64@^0.1.0:
    version "0.1.0"
    resolved "https://registry.yarnpkg.com/base-64/-/base-64-0.1.0.tgz#780a99c84e7d600260361511c4877613bf24f6bb"
    integrity sha1-eAqZyE59YAJgNhURxId2E78k9rs=
  
  base64-js@*, base64-js@^1.3.0, base64-js@^1.3.1:
    version "1.5.1"
    resolved "https://registry.yarnpkg.com/base64-js/-/base64-js-1.5.1.tgz#1b1b440160a5bf7ad40b650f095963481903930a"
    integrity sha512-AKpaYlHn8t4SVbOHCy+b5+KKgvR4vrsD8vbvrbiQJps7fKDTkjkDry6ji0rUJjC0kzbNePLwzxq8iypo41qeWA==
  
  base64url@^3.0.1:
    version "3.0.1"
    resolved "https://registry.yarnpkg.com/base64url/-/base64url-3.0.1.tgz#6399d572e2bc3f90a9a8b22d5dbb0a32d33f788d"
    integrity sha512-ir1UPr3dkwexU7FdV8qBBbNDRUhMmIekYMFZfi+C/sLNnRESKPl23nB9b2pltqfOQNnGzsDdId90AEtG5tCx4A==
  
  bcrypt-pbkdf@^1.0.0:
    version "1.0.2"
    resolved "https://registry.yarnpkg.com/bcrypt-pbkdf/-/bcrypt-pbkdf-1.0.2.tgz#a4301d389b6a43f9b67ff3ca11a3f6637e360e9e"
    integrity sha1-pDAdOJtqQ/m2f/PKEaP2Y342Dp4=
    dependencies:
      tweetnacl "^0.14.3"
  
  bowser@^2.11.0:
    version "2.11.0"
    resolved "https://registry.yarnpkg.com/bowser/-/bowser-2.11.0.tgz#5ca3c35757a7aa5771500c70a73a9f91ef420a8f"
    integrity sha512-AlcaJBi/pqqJBIQ8U9Mcpc9i8Aqxn88Skv5d+xBX006BY5u8N3mGLHa5Lgppa7L/HfwgwLgZ6NYs+Ag6uUmJRA==
  
  browser-process-hrtime@^1.0.0:
    version "1.0.0"
    resolved "https://registry.yarnpkg.com/browser-process-hrtime/-/browser-process-hrtime-1.0.0.tgz#3c9b4b7d782c8121e56f10106d84c0d0ffc94626"
    integrity sha512-9o5UecI3GhkpM6DrXr69PblIuWxPKk9Y0jHBRhdocZ2y7YECBFCsHm79Pr3OyR2AvjhDkabFJaDJMYRazHgsow==
  
  btoa@^1.2.1:
    version "1.2.1"
    resolved "https://registry.yarnpkg.com/btoa/-/btoa-1.2.1.tgz#01a9909f8b2c93f6bf680ba26131eb30f7fa3d73"
    integrity sha512-SB4/MIGlsiVkMcHmT+pSmIPoNDoHg+7cMzmt3Uxt628MTz2487DKSqK/fuhFBrkuqrYv5UCEnACpF4dTFNKc/g==
  
  buffer-equal-constant-time@1.0.1:
    version "1.0.1"
    resolved "https://registry.yarnpkg.com/buffer-equal-constant-time/-/buffer-equal-constant-time-1.0.1.tgz#f8e71132f7ffe6e01a5c9697a4c6f3e48d5cc819"
    integrity sha1-+OcRMvf/5uAaXJaXpMbz5I1cyBk=
  
  buffer-from@^1.0.0:
    version "1.1.1"
    resolved "https://registry.yarnpkg.com/buffer-from/-/buffer-from-1.1.1.tgz#32713bc028f75c02fdb710d7c7bcec1f2c6070ef"
    integrity sha512-MQcXEUbCKtEo7bhqEs6560Hyd4XaovZlO/k9V3hjVUF/zwW7KBVdSK4gIt/bzwS9MbR5qob+F5jusZsb0YQK2A==
  
  buffer@^5.5.0:
    version "5.7.1"
    resolved "https://registry.yarnpkg.com/buffer/-/buffer-5.7.1.tgz#ba62e7c13133053582197160851a8f648e99eed0"
    integrity sha512-EHcyIPBQ4BSGlvjB16k5KgAJ27CIsHY/2JBmCRReo48y9rQ3MaUzWX3KVlBa4U7MyX02HdVj0K7C3WaB3ju7FQ==
    dependencies:
      base64-js "^1.3.1"
      ieee754 "^1.1.13"
  
  bytestreamjs@^1.0.29:
    version "1.0.29"
    resolved "https://registry.yarnpkg.com/bytestreamjs/-/bytestreamjs-1.0.29.tgz#691f8ee8e5a150c61b925993a3eec0911ed17f1d"
    integrity sha512-Mri3yqoo9YvdaSvD5OYl4Rdu9zCBJInW/Ez31sdlNY4ikMy//EvTTmidfLcs0e+NBvKVEpPzYvJAesjgMdjnZg==
  
  call-bind@^1.0.0:
    version "1.0.2"
    resolved "https://registry.yarnpkg.com/call-bind/-/call-bind-1.0.2.tgz#b1d4e89e688119c3c9a903ad30abb2f6a919be3c"
    integrity sha512-7O+FbCihrB5WGbFYesctwmTKae6rOiIzmz1icreWJ+0aA7LJfuqhEso2T9ncpcFtzMQtzXf2QGGueWJGTYsqrA==
    dependencies:
      function-bind "^1.1.1"
      get-intrinsic "^1.0.2"
  
  caseless@~0.12.0:
    version "0.12.0"
    resolved "https://registry.yarnpkg.com/caseless/-/caseless-0.12.0.tgz#1b681c21ff84033c826543090689420d187151dc"
    integrity sha1-G2gcIf+EAzyCZUMJBolCDRhxUdw=
  
  combined-stream@^1.0.6, combined-stream@~1.0.6:
    version "1.0.8"
    resolved "https://registry.yarnpkg.com/combined-stream/-/combined-stream-1.0.8.tgz#c3d45a8b34fd730631a110a8a2520682b31d5a7f"
    integrity sha512-FQN4MRfuJeHf7cBbBMJFXhKSDq+2kAArBlmRBvcvFE5BB1HZKXtSFASDhdlz9zOYwxh8lDdnvmMOe/+5cdoEdg==
    dependencies:
      delayed-stream "~1.0.0"
  
  compare-versions@^3.4.0:
    version "3.6.0"
    resolved "https://registry.yarnpkg.com/compare-versions/-/compare-versions-3.6.0.tgz#1a5689913685e5a87637b8d3ffca75514ec41d62"
    integrity sha512-W6Af2Iw1z4CB7q4uU4hv646dW9GQuBM+YpC0UvUCWSD8w90SJjp+ujJuXaEMtAXBtSqGfMPuFOVn4/+FlaqfBA==
  
  core-decorators@^0.20.0:
    version "0.20.0"
    resolved "https://registry.yarnpkg.com/core-decorators/-/core-decorators-0.20.0.tgz#605896624053af8c28efbe735c25a301a61c65c5"
    integrity sha1-YFiWYkBTr4wo775zXCWjAaYcZcU=
  
  core-js@^2.6.5:
    version "2.6.12"
    resolved "https://registry.yarnpkg.com/core-js/-/core-js-2.6.12.tgz#d9333dfa7b065e347cc5682219d6f690859cc2ec"
    integrity sha512-Kb2wC0fvsWfQrgk8HU5lW6U/Lcs8+9aaYcy4ZFc6DDlo4nZ7n70dEgE5rtR0oG6ufKDUnrwfWL1mXR5ljDatrQ==
  
  core-util-is@1.0.2, core-util-is@~1.0.0:
    version "1.0.2"
    resolved "https://registry.yarnpkg.com/core-util-is/-/core-util-is-1.0.2.tgz#b5fd54220aa2bc5ab57aab7140c940754503c1a7"
    integrity sha1-tf1UIgqivFq1eqtxQMlAdUUDwac=
  
  create-require@^1.1.0:
    version "1.1.1"
    resolved "https://registry.yarnpkg.com/create-require/-/create-require-1.1.1.tgz#c1d7e8f1e5f6cfc9ff65f9cd352d37348756c333"
    integrity sha512-dcKFX3jn0MpIaXjisoRvexIJVEKzaq7z2rZKxf+MSr9TkdmHmsU4m2lcLojrj/FHl8mk5VxMmYA+ftRkP/3oKQ==
  
  cross-spawn@^4.0.0:
    version "4.0.2"
    resolved "https://registry.yarnpkg.com/cross-spawn/-/cross-spawn-4.0.2.tgz#7b9247621c23adfdd3856004a823cbe397424d41"
    integrity sha1-e5JHYhwjrf3ThWAEqCPL45dCTUE=
    dependencies:
      lru-cache "^4.0.1"
      which "^1.2.9"
  
  crypto-js@^3.1.9-1:
    version "3.3.0"
    resolved "https://registry.yarnpkg.com/crypto-js/-/crypto-js-3.3.0.tgz#846dd1cce2f68aacfa156c8578f926a609b7976b"
    integrity sha512-DIT51nX0dCfKltpRiXV+/TVZq+Qq2NgF4644+K7Ttnla7zEzqc+kjJyiB96BHNyUTBxyjzRcZYpUdZa+QAqi6Q==
  
  cssom@0.3.x, cssom@^0.3.4:
    version "0.3.8"
    resolved "https://registry.yarnpkg.com/cssom/-/cssom-0.3.8.tgz#9f1276f5b2b463f2114d3f2c75250af8c1a36f4a"
    integrity sha512-b0tGHbfegbhPJpxpiBPU2sCkigAqtM9O121le6bbOlgyV+NyGyCmVfJ6QW9eRjz8CpNfWEOYBIMIGRYkLwsIYg==
  
  cssstyle@^1.1.1:
    version "1.4.0"
    resolved "https://registry.yarnpkg.com/cssstyle/-/cssstyle-1.4.0.tgz#9d31328229d3c565c61e586b02041a28fccdccf1"
    integrity sha512-GBrLZYZ4X4x6/QEoBnIrqb8B/f5l4+8me2dkom/j1Gtbxy0kBv6OGzKuAsGM75bkGwGAFkt56Iwg28S3XTZgSA==
    dependencies:
      cssom "0.3.x"
  
  dashdash@^1.12.0:
    version "1.14.1"
    resolved "https://registry.yarnpkg.com/dashdash/-/dashdash-1.14.1.tgz#853cfa0f7cbe2fed5de20326b8dd581035f6e2f0"
    integrity sha1-hTz6D3y+L+1d4gMmuN1YEDX24vA=
    dependencies:
      assert-plus "^1.0.0"
  
  data-urls@^1.1.0:
    version "1.1.0"
    resolved "https://registry.yarnpkg.com/data-urls/-/data-urls-1.1.0.tgz#15ee0582baa5e22bb59c77140da8f9c76963bbfe"
    integrity sha512-YTWYI9se1P55u58gL5GkQHW4P6VJBJ5iBT+B5a7i2Tjadhv52paJG0qHX4A0OR6/t52odI64KP2YvFpkDOi3eQ==
    dependencies:
      abab "^2.0.0"
      whatwg-mimetype "^2.2.0"
      whatwg-url "^7.0.0"
  
  debug@^3.1.0, debug@^3.2.6:
    version "3.2.7"
    resolved "https://registry.yarnpkg.com/debug/-/debug-3.2.7.tgz#72580b7e9145fb39b6676f9c5e5fb100b934179a"
    integrity sha512-CFjzYYAi4ThfiQvizrFQevTTXHtnCqWfe7x1AhgEscTz6ZbLbfoLRLPugTQyBth6f8ZERVUSyWHFD/7Wu4t1XQ==
    dependencies:
      ms "^2.1.1"
  
  deep-is@~0.1.3:
    version "0.1.3"
    resolved "https://registry.yarnpkg.com/deep-is/-/deep-is-0.1.3.tgz#b369d6fb5dbc13eecf524f91b070feedc357cf34"
    integrity sha1-s2nW+128E+7PUk+RsHD+7cNXzzQ=
  
  delayed-stream@~1.0.0:
    version "1.0.0"
    resolved "https://registry.yarnpkg.com/delayed-stream/-/delayed-stream-1.0.0.tgz#df3ae199acadfb7d440aaae0b29e2272b24ec619"
    integrity sha1-3zrhmayt+31ECqrgsp4icrJOxhk=
  
  diff@^4.0.1:
    version "4.0.2"
    resolved "https://registry.yarnpkg.com/diff/-/diff-4.0.2.tgz#60f3aecb89d5fae520c11aa19efc2bb982aade7d"
    integrity sha512-58lmxKSA4BNyLz+HHMUzlOEpg09FV+ev6ZMe3vJihgdxzgcwZ8VoEEPmALCZG9LmqfVoNMMKpttIYTVG6uDY7A==
  
  dom-walk@^0.1.0:
    version "0.1.2"
    resolved "https://registry.yarnpkg.com/dom-walk/-/dom-walk-0.1.2.tgz#0c548bef048f4d1f2a97249002236060daa3fd84"
    integrity sha512-6QvTW9mrGeIegrFXdtQi9pk7O/nSK6lSdXW2eqUspN5LWD7UTji2Fqw5V2YLjBpHEoU9Xl/eUWNpDeZvoyOv2w==
  
  domexception@^1.0.1:
    version "1.0.1"
    resolved "https://registry.yarnpkg.com/domexception/-/domexception-1.0.1.tgz#937442644ca6a31261ef36e3ec677fe805582c90"
    integrity sha512-raigMkn7CJNNo6Ihro1fzG7wr3fHuYVytzquZKX5n0yizGsTcYgzdIUwj1X9pK0VvjeihV+XiclP+DjwbsSKug==
    dependencies:
      webidl-conversions "^4.0.2"
  
  ecc-jsbn@~0.1.1:
    version "0.1.2"
    resolved "https://registry.yarnpkg.com/ecc-jsbn/-/ecc-jsbn-0.1.2.tgz#3a83a904e54353287874c564b7549386849a98c9"
    integrity sha1-OoOpBOVDUyh4dMVkt1SThoSamMk=
    dependencies:
      jsbn "~0.1.0"
      safer-buffer "^2.1.0"
  
  ecdsa-sig-formatter@1.0.11:
    version "1.0.11"
    resolved "https://registry.yarnpkg.com/ecdsa-sig-formatter/-/ecdsa-sig-formatter-1.0.11.tgz#ae0f0fa2d85045ef14a817daa3ce9acd0489e5bf"
    integrity sha512-nagl3RYrbNv6kQkeJIpt6NJZy8twLB/2vtz6yN9Z4vRKHN4/QZJIEbqohALSgwKdnksuY3k5Addp5lg8sVoVcQ==
    dependencies:
      safe-buffer "^5.0.1"
  
  envify@^4.1.0:
    version "4.1.0"
    resolved "https://registry.yarnpkg.com/envify/-/envify-4.1.0.tgz#f39ad3db9d6801b4e6b478b61028d3f0b6819f7e"
    integrity sha512-IKRVVoAYr4pIx4yIWNsz9mOsboxlNXiu7TNBnem/K/uTHdkyzXWDzHCK7UTolqBbgaBz0tQHsD3YNls0uIIjiw==
    dependencies:
      esprima "^4.0.0"
      through "~2.3.4"
  
  es6-promise@^2.0.1:
    version "2.3.0"
    resolved "https://registry.yarnpkg.com/es6-promise/-/es6-promise-2.3.0.tgz#96edb9f2fdb01995822b263dd8aadab6748181bc"
    integrity sha1-lu258v2wGZWCKyY92KratnSBgbw=
  
  es6-promise@^4.2.8:
    version "4.2.8"
    resolved "https://registry.yarnpkg.com/es6-promise/-/es6-promise-4.2.8.tgz#4eb21594c972bc40553d276e510539143db53e0a"
    integrity sha512-HJDGx5daxeIvxdBxvG2cb9g4tEvwIk3i8+nhX0yGrYmZUzbkdg8QbDevheDB8gd0//uPj4c1EQua8Q+MViT0/w==
  
  escodegen@^1.11.0:
    version "1.14.3"
    resolved "https://registry.yarnpkg.com/escodegen/-/escodegen-1.14.3.tgz#4e7b81fba61581dc97582ed78cab7f0e8d63f503"
    integrity sha512-qFcX0XJkdg+PB3xjZZG/wKSuT1PnQWx57+TVSjIMmILd2yC/6ByYElPwJnslDsuWuSAp4AwJGumarAAmJch5Kw==
    dependencies:
      esprima "^4.0.1"
      estraverse "^4.2.0"
      esutils "^2.0.2"
      optionator "^0.8.1"
    optionalDependencies:
      source-map "~0.6.1"
  
  esprima@^4.0.0, esprima@^4.0.1:
    version "4.0.1"
    resolved "https://registry.yarnpkg.com/esprima/-/esprima-4.0.1.tgz#13b04cdb3e6c5d19df91ab6987a8695619b0aa71"
    integrity sha512-eGuFFw7Upda+g4p+QHvnW0RyTX/SVeJBDM/gCtMARO0cLuT2HcEKnTPvhjV6aGeqrCB/sbNop0Kszm0jsaWU4A==
  
  estraverse@^4.2.0:
    version "4.3.0"
    resolved "https://registry.yarnpkg.com/estraverse/-/estraverse-4.3.0.tgz#398ad3f3c5a24948be7725e83d11a7de28cdbd1d"
    integrity sha512-39nnKffWz8xN1BU/2c79n9nB9HDzo0niYUqx6xyqUnyoAnQyyWpOTdZEeiCch8BBu515t4wp9ZmgVfVhn9EBpw==
  
  esutils@^2.0.2:
    version "2.0.3"
    resolved "https://registry.yarnpkg.com/esutils/-/esutils-2.0.3.tgz#74d2eb4de0b8da1293711910d50775b9b710ef64"
    integrity sha512-kVscqXk4OCp68SZ0dkgEKVi6/8ij300KBWTJq32P/dYeWTSwK41WyTxalN1eRmA5Z9UU/LX9D7FWSmV9SAYx6g==
  
  exifr@^5.0.3:
    version "5.0.6"
    resolved "https://registry.yarnpkg.com/exifr/-/exifr-5.0.6.tgz#7c8e5aad1083fa4ec172103dca24215203001209"
    integrity sha512-iDB4IhKoKVF+uDDrHRlyNxWqGaTxYluVWqvBWVG54HkQZe8qkFYl9eQrjEP3d8Q4UMBZ9rWu3Pa+mfC+o4CZuw==
  
  expo-random@*:
    version "11.1.2"
    resolved "https://registry.yarnpkg.com/expo-random/-/expo-random-11.1.2.tgz#09f686a2f47c83e7c92d919833692d8722e8d18b"
    integrity sha512-JaNqoYwFWJnyRSsMPpFjjSsm09wrEv+Uoif6IExfR8v6K3m/tIySoVjzS47tD6YVdxLtL/I8RmqmB6Nwh1p6AQ==
    dependencies:
      base64-js "^1.3.0"
  
  extend@~3.0.2:
    version "3.0.2"
    resolved "https://registry.yarnpkg.com/extend/-/extend-3.0.2.tgz#f8b1136b4071fbd8eb140aff858b1019ec2915fa"
    integrity sha512-fjquC59cD7CyW6urNXK0FBufkZcoiGG80wTuPujX590cB5Ttln20E2UB4S/WARVqhXffZl2LNgS+gQdPIIim/g==
  
  extsprintf@1.3.0:
    version "1.3.0"
    resolved "https://registry.yarnpkg.com/extsprintf/-/extsprintf-1.3.0.tgz#96918440e3041a7a414f8c52e3c574eb3c3e1e05"
    integrity sha1-lpGEQOMEGnpBT4xS48V06zw+HgU=
  
  extsprintf@^1.2.0:
    version "1.4.0"
    resolved "https://registry.yarnpkg.com/extsprintf/-/extsprintf-1.4.0.tgz#e2689f8f356fad62cca65a3a91c5df5f9551692f"
    integrity sha1-4mifjzVvrWLMplo6kcXfX5VRaS8=
  
  fast-deep-equal@^3.1.1:
    version "3.1.3"
    resolved "https://registry.yarnpkg.com/fast-deep-equal/-/fast-deep-equal-3.1.3.tgz#3a7d56b559d6cbc3eb512325244e619a65c6c525"
    integrity sha512-f3qQ9oQy9j2AhBe/H9VC91wLmKBCCU/gDOnKNAYG5hswO7BLKj09Hc5HYNz9cGI++xlpDCIgDaitVs03ATR84Q==
  
  fast-json-stable-stringify@^2.0.0:
    version "2.1.0"
    resolved "https://registry.yarnpkg.com/fast-json-stable-stringify/-/fast-json-stable-stringify-2.1.0.tgz#874bf69c6f404c2b5d99c481341399fd55892633"
    integrity sha512-lhd/wF+Lk98HZoTCtlVraHtfh5XYijIjalXck7saUtuanSDyLMxnHhSXEDJqHxD7msR8D0uCmqlkwjCV8xvwHw==
  
  fast-levenshtein@~2.0.6:
    version "2.0.6"
    resolved "https://registry.yarnpkg.com/fast-levenshtein/-/fast-levenshtein-2.0.6.tgz#3d8a5c66883a16a30ca8643e851f19baa7797917"
    integrity sha1-PYpcZog6FqMMqGQ+hR8Zuqd5eRc=
  
  file-type@^16.0.1:
    version "16.4.0"
    resolved "https://registry.yarnpkg.com/file-type/-/file-type-16.4.0.tgz#464197e44bd94a452d77b09085d977ae0dad2df4"
    integrity sha512-MDAkwha3wHg11Lp++2T3Gu347eC/DB4r7nYj6iZaf1l7UhGBh2746QKxg0BWC8w2dJsxUEmH8KvLueX+GthN2w==
    dependencies:
      readable-web-to-node-stream "^3.0.0"
      strtok3 "^6.0.3"
      token-types "^2.0.0"
      typedarray-to-buffer "^3.1.5"
  
  find-root@^0.1.1:
    version "0.1.2"
    resolved "https://registry.yarnpkg.com/find-root/-/find-root-0.1.2.tgz#98d2267cff1916ccaf2743b3a0eea81d79d7dcd1"
    integrity sha1-mNImfP8ZFsyvJ0OzoO6oHXnX3NE=
  
  follow-redirects@^1.10.0:
    version "1.14.1"
    resolved "https://registry.yarnpkg.com/follow-redirects/-/follow-redirects-1.14.1.tgz#d9114ded0a1cfdd334e164e6662ad02bfd91ff43"
    integrity sha512-HWqDgT7ZEkqRzBvc2s64vSZ/hfOceEol3ac/7tKwzuvEyWx3/4UegXh5oBOIotkGsObyk3xznnSRVADBgWSQVg==
  
  forever-agent@~0.6.1:
    version "0.6.1"
    resolved "https://registry.yarnpkg.com/forever-agent/-/forever-agent-0.6.1.tgz#fbc71f0c41adeb37f96c577ad1ed42d8fdacca91"
    integrity sha1-+8cfDEGt6zf5bFd60e1C2P2sypE=
  
  form-data@~2.3.2:
    version "2.3.3"
    resolved "https://registry.yarnpkg.com/form-data/-/form-data-2.3.3.tgz#dcce52c05f644f298c6a7ab936bd724ceffbf3a6"
    integrity sha512-1lLKB2Mu3aGP1Q/2eCOx0fNbRMe7XdwktwOruhfqqd0rIJWwN4Dh+E3hrPSlDCXnSR7UtZ1N38rVXm+6+MEhJQ==
    dependencies:
      asynckit "^0.4.0"
      combined-stream "^1.0.6"
      mime-types "^2.1.12"
  
  function-bind@^1.1.1:
    version "1.1.1"
    resolved "https://registry.yarnpkg.com/function-bind/-/function-bind-1.1.1.tgz#a56899d3ea3c9bab874bb9773b7c5ede92f4895d"
    integrity sha512-yIovAzMX49sF8Yl58fSCWJ5svSLuaibPxXQJFLmBObTuCr0Mf1KiPopGM9NiFjiYBCbfaa2Fh6breQ6ANVTI0A==
  
  get-intrinsic@^1.0.2:
    version "1.1.1"
    resolved "https://registry.yarnpkg.com/get-intrinsic/-/get-intrinsic-1.1.1.tgz#15f59f376f855c446963948f0d24cd3637b4abc6"
    integrity sha512-kWZrnVM42QCiEA2Ig1bG8zjoIMOgxWwYCEeNdwY6Tv/cOSeGpcoX4pXHfKUxNKVoArnrEr2e9srnAxxGIraS9Q==
    dependencies:
      function-bind "^1.1.1"
      has "^1.0.3"
      has-symbols "^1.0.1"
  
  getpass@^0.1.1:
    version "0.1.7"
    resolved "https://registry.yarnpkg.com/getpass/-/getpass-0.1.7.tgz#5eff8e3e684d569ae4cb2b1282604e8ba62149fa"
    integrity sha1-Xv+OPmhNVprkyysSgmBOi6YhSfo=
    dependencies:
      assert-plus "^1.0.0"
  
  global@^4.4.0:
    version "4.4.0"
    resolved "https://registry.yarnpkg.com/global/-/global-4.4.0.tgz#3e7b105179006a323ed71aafca3e9c57a5cc6406"
    integrity sha512-wv/LAoHdRE3BeTGz53FAamhGlPLhlssK45usmGFThIi4XqnBmjKQ16u+RNbP7WvigRZDxUsM0J3gcQ5yicaL0w==
    dependencies:
      min-document "^2.19.0"
      process "^0.11.10"
  
  gm@^1.23.1:
    version "1.23.1"
    resolved "https://registry.yarnpkg.com/gm/-/gm-1.23.1.tgz#2edeeb958084d0f8ea7988e5d995b1c7dfc14777"
    integrity sha1-Lt7rlYCE0PjqeYjl2ZWxx9/BR3c=
    dependencies:
      array-parallel "~0.1.3"
      array-series "~0.1.5"
      cross-spawn "^4.0.0"
      debug "^3.1.0"
  
  har-schema@^2.0.0:
    version "2.0.0"
    resolved "https://registry.yarnpkg.com/har-schema/-/har-schema-2.0.0.tgz#a94c2224ebcac04782a0d9035521f24735b7ec92"
    integrity sha1-qUwiJOvKwEeCoNkDVSHyRzW37JI=
  
  har-validator@~5.1.3:
    version "5.1.5"
    resolved "https://registry.yarnpkg.com/har-validator/-/har-validator-5.1.5.tgz#1f0803b9f8cb20c0fa13822df1ecddb36bde1efd"
    integrity sha512-nmT2T0lljbxdQZfspsno9hgrG3Uir6Ks5afism62poxqBM6sDnMEuPmzTq8XN0OEwqKLLdh1jQI3qyE66Nzb3w==
    dependencies:
      ajv "^6.12.3"
      har-schema "^2.0.0"
  
  has-symbols@^1.0.1:
    version "1.0.2"
    resolved "https://registry.yarnpkg.com/has-symbols/-/has-symbols-1.0.2.tgz#165d3070c00309752a1236a479331e3ac56f1423"
    integrity sha512-chXa79rL/UC2KlX17jo3vRGz0azaWEx5tGqZg5pO3NUyEJVB17dMruQlzCCOfUvElghKcm5194+BCRvi2Rv/Gw==
  
  has@^1.0.3:
    version "1.0.3"
    resolved "https://registry.yarnpkg.com/has/-/has-1.0.3.tgz#722d7cbfc1f6aa8241f16dd814e011e1f41e8796"
    integrity sha512-f2dvO0VU6Oej7RkWJGrehjbzMAjFp5/VKPp5tTpWIV4JHHZK1/BxbFRtf/siA2SWTe09caDmVtYYzWEIbBS4zw==
    dependencies:
      function-bind "^1.1.1"
  
  html-encoding-sniffer@^1.0.2:
    version "1.0.2"
    resolved "https://registry.yarnpkg.com/html-encoding-sniffer/-/html-encoding-sniffer-1.0.2.tgz#e70d84b94da53aa375e11fe3a351be6642ca46f8"
    integrity sha512-71lZziiDnsuabfdYiUeWdCVyKuqwWi23L8YeIgV9jSSZHCtb6wB1BKWooH7L3tn4/FuZJMVWyNaIDr4RGmaSYw==
    dependencies:
      whatwg-encoding "^1.0.1"
  
  http-signature@~1.2.0:
    version "1.2.0"
    resolved "https://registry.yarnpkg.com/http-signature/-/http-signature-1.2.0.tgz#9aecd925114772f3d95b65a60abb8f7c18fbace1"
    integrity sha1-muzZJRFHcvPZW2WmCruPfBj7rOE=
    dependencies:
      assert-plus "^1.0.0"
      jsprim "^1.2.2"
      sshpk "^1.7.0"
  
  iconv-lite@0.4.24:
    version "0.4.24"
    resolved "https://registry.yarnpkg.com/iconv-lite/-/iconv-lite-0.4.24.tgz#2022b4b25fbddc21d2f524974a474aafe733908b"
    integrity sha512-v3MXnZAcvnywkTUEZomIActle7RXXeedOR31wwl7VlyoXO4Qi9arvSenNQWne1TcRwhCL1HwLI21bEqdpj8/rA==
    dependencies:
      safer-buffer ">= 2.1.2 < 3"
  
  ieee754@^1.1.13, ieee754@^1.2.1:
    version "1.2.1"
    resolved "https://registry.yarnpkg.com/ieee754/-/ieee754-1.2.1.tgz#8eb7a10a63fff25d15a57b001586d177d1b0d352"
    integrity sha512-dcyqhDvX1C46lXZcVqCpK+FtMRQVdIMN6/Df5js2zouUsqG7I6sFxitIC+7KYK29KdXOLHdu9zL4sFnoVQnqaA==
  
  inherits@^2.0.3, inherits@~2.0.1:
    version "2.0.4"
    resolved "https://registry.yarnpkg.com/inherits/-/inherits-2.0.4.tgz#0fa2c64f932917c3433a0ded55363aae37416b7c"
    integrity sha512-k/vGaX4/Yla3WzyMCvTQOXYeIHvqOKtnqBduzTHpzpQZzAskKMhZ2K+EnBiSM9zGSoIFeMpXKxa4dYeZIQqewQ==
  
  invariant@^2.2.4:
    version "2.2.4"
    resolved "https://registry.yarnpkg.com/invariant/-/invariant-2.2.4.tgz#610f3c92c9359ce1db616e538008d23ff35158e6"
    integrity sha512-phJfQVBuaJM5raOpJjSfkiD6BpbCE4Ns//LaXl6wGYtUBY83nWS6Rf9tXm2e8VaK60JEjYldbPif/A2B1C2gNA==
    dependencies:
      loose-envify "^1.0.0"
  
  is-function@^1.0.1:
    version "1.0.2"
    resolved "https://registry.yarnpkg.com/is-function/-/is-function-1.0.2.tgz#4f097f30abf6efadac9833b17ca5dc03f8144e08"
    integrity sha512-lw7DUp0aWXYg+CBCN+JKkcE0Q2RayZnSvnZBlwgxHBQhqt5pZNVy4Ri7H9GmmXkdu7LUthszM+Tor1u/2iBcpQ==
  
  is-typedarray@^1.0.0, is-typedarray@~1.0.0:
    version "1.0.0"
    resolved "https://registry.yarnpkg.com/is-typedarray/-/is-typedarray-1.0.0.tgz#e479c80858df0c1b11ddda6940f96011fcda4a9a"
    integrity sha1-5HnICFjfDBsR3dppQPlgEfzaSpo=
  
  isarray@0.0.1:
    version "0.0.1"
    resolved "https://registry.yarnpkg.com/isarray/-/isarray-0.0.1.tgz#8a18acfca9a8f4177e09abfc6038939b05d1eedf"
    integrity sha1-ihis/Kmo9Bd+Cav8YDiTmwXR7t8=
  
  isexe@^2.0.0:
    version "2.0.0"
    resolved "https://registry.yarnpkg.com/isexe/-/isexe-2.0.0.tgz#e8fbf374dc556ff8947a10dcb0572d633f2cfa10"
    integrity sha1-6PvzdNxVb/iUehDcsFctYz8s+hA=
  
  isomorphic-webcrypto@^2.3.8:
    version "2.3.8"
    resolved "https://registry.yarnpkg.com/isomorphic-webcrypto/-/isomorphic-webcrypto-2.3.8.tgz#4a7493b486ef072b9f11b6f8fd66adde856e3eec"
    integrity sha512-XddQSI0WYlSCjxtm1AI8kWQOulf7hAN3k3DclF1sxDJZqOe0pcsOt675zvWW91cZH9hYs3nlA3Ev8QK5i80SxQ==
    dependencies:
      "@peculiar/webcrypto" "^1.0.22"
      asmcrypto.js "^0.22.0"
      b64-lite "^1.3.1"
      b64u-lite "^1.0.1"
      msrcrypto "^1.5.6"
      str2buf "^1.3.0"
      webcrypto-shim "^0.1.4"
    optionalDependencies:
      "@unimodules/core" "*"
      "@unimodules/react-native-adapter" "*"
      expo-random "*"
      react-native-securerandom "^0.1.1"
  
  isstream@~0.1.2:
    version "0.1.2"
    resolved "https://registry.yarnpkg.com/isstream/-/isstream-0.1.2.tgz#47e63f7af55afa6f92e1500e690eb8b8529c099a"
    integrity sha1-R+Y/evVa+m+S4VAOaQ64uFKcCZo=
  
  javascript-state-machine@^3.1.0:
    version "3.1.0"
    resolved "https://registry.yarnpkg.com/javascript-state-machine/-/javascript-state-machine-3.1.0.tgz#06eeb2136a6a19ae1b56105c25caec283dd5cd14"
    integrity sha512-BwhYxQ1OPenBPXC735RgfB+ZUG8H3kjsx8hrYTgWnoy6TPipEy4fiicyhT2lxRKAXq9pG7CfFT8a2HLr6Hmwxg==
  
  "js-tokens@^3.0.0 || ^4.0.0":
    version "4.0.0"
    resolved "https://registry.yarnpkg.com/js-tokens/-/js-tokens-4.0.0.tgz#19203fb59991df98e3a287050d4647cdeaf32499"
    integrity sha512-RdJUflcE3cUzKiMqQgsCu06FPu9UdIJO0beYbPhHN4k6apgJtifcoCtT9bcxOpYBtpD2kCM6Sbzg4CausW/PKQ==
  
  jsbn@~0.1.0:
    version "0.1.1"
    resolved "https://registry.yarnpkg.com/jsbn/-/jsbn-0.1.1.tgz#a5e654c2e5a2deb5f201d96cefbca80c0ef2f513"
    integrity sha1-peZUwuWi3rXyAdls77yoDA7y9RM=
  
  jsdom@13.2.0:
    version "13.2.0"
    resolved "https://registry.yarnpkg.com/jsdom/-/jsdom-13.2.0.tgz#b1a0dbdadc255435262be8ea3723d2dba0d7eb3a"
    integrity sha512-cG1NtMWO9hWpqRNRR3dSvEQa8bFI6iLlqU2x4kwX51FQjp0qus8T9aBaAO6iGp3DeBrhdwuKxckknohkmfvsFw==
    dependencies:
      abab "^2.0.0"
      acorn "^6.0.4"
      acorn-globals "^4.3.0"
      array-equal "^1.0.0"
      cssom "^0.3.4"
      cssstyle "^1.1.1"
      data-urls "^1.1.0"
      domexception "^1.0.1"
      escodegen "^1.11.0"
      html-encoding-sniffer "^1.0.2"
      nwsapi "^2.0.9"
      parse5 "5.1.0"
      pn "^1.1.0"
      request "^2.88.0"
      request-promise-native "^1.0.5"
      saxes "^3.1.5"
      symbol-tree "^3.2.2"
      tough-cookie "^2.5.0"
      w3c-hr-time "^1.0.1"
      w3c-xmlserializer "^1.0.1"
      webidl-conversions "^4.0.2"
      whatwg-encoding "^1.0.5"
      whatwg-mimetype "^2.3.0"
      whatwg-url "^7.0.0"
      ws "^6.1.2"
      xml-name-validator "^3.0.0"
  
  json-schema-traverse@^0.4.1:
    version "0.4.1"
    resolved "https://registry.yarnpkg.com/json-schema-traverse/-/json-schema-traverse-0.4.1.tgz#69f6a87d9513ab8bb8fe63bdb0979c448e684660"
    integrity sha512-xbbCH5dCYU5T8LcEhhuh7HJ88HXuW3qsI3Y0zOZFKfZEHcpWiHU/Jxzk629Brsab/mMiHQti9wMP+845RPe3Vg==
  
  json-schema@0.2.3:
    version "0.2.3"
    resolved "https://registry.yarnpkg.com/json-schema/-/json-schema-0.2.3.tgz#b480c892e59a2f05954ce727bd3f2a4e882f9e13"
    integrity sha1-tIDIkuWaLwWVTOcnvT8qTogvnhM=
  
  json-stringify-safe@~5.0.1:
    version "5.0.1"
    resolved "https://registry.yarnpkg.com/json-stringify-safe/-/json-stringify-safe-5.0.1.tgz#1296a2d58fd45f19a0f6ce01d65701e2c735b6eb"
    integrity sha1-Epai1Y/UXxmg9s4B1lcB4sc1tus=
  
  jsonwebtoken@^8.5.1:
    version "8.5.1"
    resolved "https://registry.yarnpkg.com/jsonwebtoken/-/jsonwebtoken-8.5.1.tgz#00e71e0b8df54c2121a1f26137df2280673bcc0d"
    integrity sha512-XjwVfRS6jTMsqYs0EsuJ4LGxXV14zQybNd4L2r0UvbVnSF9Af8x7p5MzbJ90Ioz/9TI41/hTCvznF/loiSzn8w==
    dependencies:
      jws "^3.2.2"
      lodash.includes "^4.3.0"
      lodash.isboolean "^3.0.3"
      lodash.isinteger "^4.0.4"
      lodash.isnumber "^3.0.3"
      lodash.isplainobject "^4.0.6"
      lodash.isstring "^4.0.1"
      lodash.once "^4.0.0"
      ms "^2.1.1"
      semver "^5.6.0"
  
  jsprim@^1.2.2:
    version "1.4.1"
    resolved "https://registry.yarnpkg.com/jsprim/-/jsprim-1.4.1.tgz#313e66bc1e5cc06e438bc1b7499c2e5c56acb6a2"
    integrity sha1-MT5mvB5cwG5Di8G3SZwuXFastqI=
    dependencies:
      assert-plus "1.0.0"
      extsprintf "1.3.0"
      json-schema "0.2.3"
      verror "1.10.0"
  
  jwa@^1.4.1:
    version "1.4.1"
    resolved "https://registry.yarnpkg.com/jwa/-/jwa-1.4.1.tgz#743c32985cb9e98655530d53641b66c8645b039a"
    integrity sha512-qiLX/xhEEFKUAJ6FiBMbes3w9ATzyk5W7Hvzpa/SLYdxNtng+gcurvrI7TbACjIXlsJyr05/S1oUhZrc63evQA==
    dependencies:
      buffer-equal-constant-time "1.0.1"
      ecdsa-sig-formatter "1.0.11"
      safe-buffer "^5.0.1"
  
  jws@^3.2.2:
    version "3.2.2"
    resolved "https://registry.yarnpkg.com/jws/-/jws-3.2.2.tgz#001099f3639468c9414000e99995fa52fb478304"
    integrity sha512-YHlZCB6lMTllWDtSPHz/ZXTsi8S00usEV6v1tjq8tOUZzw7DpSDWVXjXDre6ed1w/pd495ODpHZYSdkRTsa0HA==
    dependencies:
      jwa "^1.4.1"
      safe-buffer "^5.0.1"
  
  key-tree-store@^1.3.0:
    version "1.3.0"
    resolved "https://registry.yarnpkg.com/key-tree-store/-/key-tree-store-1.3.0.tgz#5ea29afc2529a425938437d6955b714ce6a9791f"
    integrity sha1-XqKa/CUppCWThDfWlVtxTOapeR8=
  
  levn@~0.3.0:
    version "0.3.0"
    resolved "https://registry.yarnpkg.com/levn/-/levn-0.3.0.tgz#3b09924edf9f083c0490fdd4c0bc4421e04764ee"
    integrity sha1-OwmSTt+fCDwEkP3UwLxEIeBHZO4=
    dependencies:
      prelude-ls "~1.1.2"
      type-check "~0.3.2"
  
  lodash._arraycopy@^3.0.0:
    version "3.0.0"
    resolved "https://registry.yarnpkg.com/lodash._arraycopy/-/lodash._arraycopy-3.0.0.tgz#76e7b7c1f1fb92547374878a562ed06a3e50f6e1"
    integrity sha1-due3wfH7klRzdIeKVi7Qaj5Q9uE=
  
  lodash._arrayeach@^3.0.0:
    version "3.0.0"
    resolved "https://registry.yarnpkg.com/lodash._arrayeach/-/lodash._arrayeach-3.0.0.tgz#bab156b2a90d3f1bbd5c653403349e5e5933ef9e"
    integrity sha1-urFWsqkNPxu9XGU0AzSeXlkz754=
  
  lodash._baseassign@^3.0.0:
    version "3.2.0"
    resolved "https://registry.yarnpkg.com/lodash._baseassign/-/lodash._baseassign-3.2.0.tgz#8c38a099500f215ad09e59f1722fd0c52bfe0a4e"
    integrity sha1-jDigmVAPIVrQnlnxci/QxSv+Ck4=
    dependencies:
      lodash._basecopy "^3.0.0"
      lodash.keys "^3.0.0"
  
  lodash._baseclone@^3.0.0:
    version "3.3.0"
    resolved "https://registry.yarnpkg.com/lodash._baseclone/-/lodash._baseclone-3.3.0.tgz#303519bf6393fe7e42f34d8b630ef7794e3542b7"
    integrity sha1-MDUZv2OT/n5C802LYw73eU41Qrc=
    dependencies:
      lodash._arraycopy "^3.0.0"
      lodash._arrayeach "^3.0.0"
      lodash._baseassign "^3.0.0"
      lodash._basefor "^3.0.0"
      lodash.isarray "^3.0.0"
      lodash.keys "^3.0.0"
  
  lodash._basecopy@^3.0.0:
    version "3.0.1"
    resolved "https://registry.yarnpkg.com/lodash._basecopy/-/lodash._basecopy-3.0.1.tgz#8da0e6a876cf344c0ad8a54882111dd3c5c7ca36"
    integrity sha1-jaDmqHbPNEwK2KVIghEd08XHyjY=
  
  lodash._basefor@^3.0.0:
    version "3.0.3"
    resolved "https://registry.yarnpkg.com/lodash._basefor/-/lodash._basefor-3.0.3.tgz#7550b4e9218ef09fad24343b612021c79b4c20c2"
    integrity sha1-dVC06SGO8J+tJDQ7YSAhx5tMIMI=
  
  lodash._bindcallback@^3.0.0:
    version "3.0.1"
    resolved "https://registry.yarnpkg.com/lodash._bindcallback/-/lodash._bindcallback-3.0.1.tgz#e531c27644cf8b57a99e17ed95b35c748789392e"
    integrity sha1-5THCdkTPi1epnhftlbNcdIeJOS4=
  
  lodash._getnative@^3.0.0:
    version "3.9.1"
    resolved "https://registry.yarnpkg.com/lodash._getnative/-/lodash._getnative-3.9.1.tgz#570bc7dede46d61cdcde687d65d3eecbaa3aaff5"
    integrity sha1-VwvH3t5G1hzc3mh9ZdPuy6o6r/U=
  
  lodash._isiterateecall@^3.0.0:
    version "3.0.9"
    resolved "https://registry.yarnpkg.com/lodash._isiterateecall/-/lodash._isiterateecall-3.0.9.tgz#5203ad7ba425fae842460e696db9cf3e6aac057c"
    integrity sha1-UgOte6Ql+uhCRg5pbbnPPmqsBXw=
  
  lodash.clone@^3.0.2:
    version "3.0.3"
    resolved "https://registry.yarnpkg.com/lodash.clone/-/lodash.clone-3.0.3.tgz#84688c73d32b5a90ca25616963f189252a997043"
    integrity sha1-hGiMc9MrWpDKJWFpY/GJJSqZcEM=
    dependencies:
      lodash._baseclone "^3.0.0"
      lodash._bindcallback "^3.0.0"
      lodash._isiterateecall "^3.0.0"
  
  lodash.clonedeep@^3.0.1:
    version "3.0.2"
    resolved "https://registry.yarnpkg.com/lodash.clonedeep/-/lodash.clonedeep-3.0.2.tgz#a0a1e40d82a5ea89ff5b147b8444ed63d92827db"
    integrity sha1-oKHkDYKl6on/WxR7hETtY9koJ9s=
    dependencies:
      lodash._baseclone "^3.0.0"
      lodash._bindcallback "^3.0.0"
  
  lodash.includes@^4.3.0:
    version "4.3.0"
    resolved "https://registry.yarnpkg.com/lodash.includes/-/lodash.includes-4.3.0.tgz#60bb98a87cb923c68ca1e51325483314849f553f"
    integrity sha1-YLuYqHy5I8aMoeUTJUgzFISfVT8=
  
  lodash.isarguments@^3.0.0:
    version "3.1.0"
    resolved "https://registry.yarnpkg.com/lodash.isarguments/-/lodash.isarguments-3.1.0.tgz#2f573d85c6a24289ff00663b491c1d338ff3458a"
    integrity sha1-L1c9hcaiQon/AGY7SRwdM4/zRYo=
  
  lodash.isarray@^3.0.0:
    version "3.0.4"
    resolved "https://registry.yarnpkg.com/lodash.isarray/-/lodash.isarray-3.0.4.tgz#79e4eb88c36a8122af86f844aa9bcd851b5fbb55"
    integrity sha1-eeTriMNqgSKvhvhEqpvNhRtfu1U=
  
  lodash.isboolean@^3.0.3:
    version "3.0.3"
    resolved "https://registry.yarnpkg.com/lodash.isboolean/-/lodash.isboolean-3.0.3.tgz#6c2e171db2a257cd96802fd43b01b20d5f5870f6"
    integrity sha1-bC4XHbKiV82WgC/UOwGyDV9YcPY=
  
  lodash.isinteger@^4.0.4:
    version "4.0.4"
    resolved "https://registry.yarnpkg.com/lodash.isinteger/-/lodash.isinteger-4.0.4.tgz#619c0af3d03f8b04c31f5882840b77b11cd68343"
    integrity sha1-YZwK89A/iwTDH1iChAt3sRzWg0M=
  
  lodash.isnumber@^3.0.3:
    version "3.0.3"
    resolved "https://registry.yarnpkg.com/lodash.isnumber/-/lodash.isnumber-3.0.3.tgz#3ce76810c5928d03352301ac287317f11c0b1ffc"
    integrity sha1-POdoEMWSjQM1IwGsKHMX8RwLH/w=
  
  lodash.isplainobject@^4.0.6:
    version "4.0.6"
    resolved "https://registry.yarnpkg.com/lodash.isplainobject/-/lodash.isplainobject-4.0.6.tgz#7c526a52d89b45c45cc690b88163be0497f550cb"
    integrity sha1-fFJqUtibRcRcxpC4gWO+BJf1UMs=
  
  lodash.isstring@^4.0.1:
    version "4.0.1"
    resolved "https://registry.yarnpkg.com/lodash.isstring/-/lodash.isstring-4.0.1.tgz#d527dfb5456eca7cc9bb95d5daeaf88ba54a5451"
    integrity sha1-1SfftUVuynzJu5XV2ur4i6VKVFE=
  
  lodash.keys@^3.0.0:
    version "3.1.2"
    resolved "https://registry.yarnpkg.com/lodash.keys/-/lodash.keys-3.1.2.tgz#4dbc0472b156be50a0b286855d1bd0b0c656098a"
    integrity sha1-TbwEcrFWvlCgsoaFXRvQsMZWCYo=
    dependencies:
      lodash._getnative "^3.0.0"
      lodash.isarguments "^3.0.0"
      lodash.isarray "^3.0.0"
  
  lodash.once@^4.0.0:
    version "4.1.1"
    resolved "https://registry.yarnpkg.com/lodash.once/-/lodash.once-4.1.1.tgz#0dd3971213c7c56df880977d504c88fb471a97ac"
    integrity sha1-DdOXEhPHxW34gJd9UEyI+0cal6w=
  
  lodash.sortby@^4.7.0:
    version "4.7.0"
    resolved "https://registry.yarnpkg.com/lodash.sortby/-/lodash.sortby-4.7.0.tgz#edd14c824e2cc9c1e0b0a1b42bb5210516a42438"
    integrity sha1-7dFMgk4sycHgsKG0K7UhBRakJDg=
  
  lodash@^4.11.1, lodash@^4.12.0, lodash@^4.17.15, lodash@^4.17.19, lodash@^4.17.21, lodash@^4.6.1:
    version "4.17.21"
    resolved "https://registry.yarnpkg.com/lodash/-/lodash-4.17.21.tgz#679591c564c3bffaae8454cf0b3df370c3d6911c"
    integrity sha512-v2kDEe57lecTulaDIuNTPy3Ry4gLGJ6Z1O3vE1krgXZNrsQ+LFTGHVxVjcXPs17LhbZVGedAJv8XZ1tvj5FvSg==
  
  long@^4.0.0:
    version "4.0.0"
    resolved "https://registry.yarnpkg.com/long/-/long-4.0.0.tgz#9a7b71cfb7d361a194ea555241c92f7468d5bf28"
    integrity sha512-XsP+KhQif4bjX1kbuSiySJFNAehNxgLb6hPRGJ9QsUr8ajHkuXGdrHmFUTUUXhDwVX2R5bY4JNZEwbUiMhV+MA==
  
  loose-envify@^1.0.0:
    version "1.4.0"
    resolved "https://registry.yarnpkg.com/loose-envify/-/loose-envify-1.4.0.tgz#71ee51fa7be4caec1a63839f7e682d8132d30caf"
    integrity sha512-lyuxPGr/Wfhrlem2CL/UcnUc1zcqKAImBDzukY7Y5F/yQiNdko6+fRLevlw1HgMySw7f611UIY408EtxRSoK3Q==
    dependencies:
      js-tokens "^3.0.0 || ^4.0.0"
  
  lru-cache@^4.0.1:
    version "4.1.5"
    resolved "https://registry.yarnpkg.com/lru-cache/-/lru-cache-4.1.5.tgz#8bbe50ea85bed59bc9e33dcab8235ee9bcf443cd"
    integrity sha512-sWZlbEP2OsHNkXrMl5GYk/jKk70MBng6UU4YI/qGDYbgf6YbP4EvmqISbXCoJiRKs+1bSpFHVgQxvJ17F2li5g==
    dependencies:
      pseudomap "^1.0.2"
      yallist "^2.1.2"
  
  make-error@^1.1.1:
    version "1.3.6"
    resolved "https://registry.yarnpkg.com/make-error/-/make-error-1.3.6.tgz#2eb2e37ea9b67c4891f684a1394799af484cf7a2"
    integrity sha512-s8UhlNe7vPKomQhC1qFelMokr/Sc3AgNbso3n74mVPA5LTZwkB9NlXf4XPamLxJE8h0gh73rM94xvwRT2CVInw==
  
  mime-db@1.47.0:
    version "1.47.0"
    resolved "https://registry.yarnpkg.com/mime-db/-/mime-db-1.47.0.tgz#8cb313e59965d3c05cfbf898915a267af46a335c"
    integrity sha512-QBmA/G2y+IfeS4oktet3qRZ+P5kPhCKRXxXnQEudYqUaEioAU1/Lq2us3D/t1Jfo4hE9REQPrbB7K5sOczJVIw==
  
  mime-types@^2.1.12, mime-types@~2.1.19:
    version "2.1.30"
    resolved "https://registry.yarnpkg.com/mime-types/-/mime-types-2.1.30.tgz#6e7be8b4c479825f85ed6326695db73f9305d62d"
    integrity sha512-crmjA4bLtR8m9qLpHvgxSChT+XoSlZi8J4n/aIdn3z92e/U47Z0V/yl+Wh9W046GgFVAmoNR/fmdbZYcSSIUeg==
    dependencies:
      mime-db "1.47.0"
  
  mime@^2.4.4:
    version "2.5.2"
    resolved "https://registry.yarnpkg.com/mime/-/mime-2.5.2.tgz#6e3dc6cc2b9510643830e5f19d5cb753da5eeabe"
    integrity sha512-tqkh47FzKeCPD2PUiPB6pkbMzsCasjxAfC62/Wap5qrUWcb+sFasXUC5I3gYM5iBM8v/Qpn4UK0x+j0iHyFPDg==
  
  min-document@^2.19.0:
    version "2.19.0"
    resolved "https://registry.yarnpkg.com/min-document/-/min-document-2.19.0.tgz#7bd282e3f5842ed295bb748cdd9f1ffa2c824685"
    integrity sha1-e9KC4/WELtKVu3SM3Z8f+iyCRoU=
    dependencies:
      dom-walk "^0.1.0"
  
  ms@^2.1.1:
    version "2.1.3"
    resolved "https://registry.yarnpkg.com/ms/-/ms-2.1.3.tgz#574c8138ce1d2b5861f0b44579dbadd60c6615b2"
    integrity sha512-6FlzubTLZG3J2a/NVCAleEhjzq5oxgHyaCU9yYXvcLsvoVaHJq/s5xXI6/XXP6tz7R9xAOtHnSO/tXtF3WRTlA==
  
  msrcrypto@^1.5.6:
    version "1.5.8"
    resolved "https://registry.yarnpkg.com/msrcrypto/-/msrcrypto-1.5.8.tgz#be419be4945bf134d8af52e9d43be7fa261f4a1c"
    integrity sha512-ujZ0TRuozHKKm6eGbKHfXef7f+esIhEckmThVnz7RNyiOJd7a6MXj2JGBoL9cnPDW+JMG16MoTUh5X+XXjI66Q==
  
  node-forge@^0.10.0:
    version "0.10.0"
    resolved "https://registry.yarnpkg.com/node-forge/-/node-forge-0.10.0.tgz#32dea2afb3e9926f02ee5ce8794902691a676bf3"
    integrity sha512-PPmu8eEeG9saEUvI97fm4OYxXVB6bFvyNTyiUOBichBpFG8A1Ljw3bY62+5oOjDEMHRnd0Y7HQ+x7uzxOzC6JA==
  
  node-jose@^2.0.0:
    version "2.0.0"
    resolved "https://registry.yarnpkg.com/node-jose/-/node-jose-2.0.0.tgz#541c6b52c387a3f18fc06cd502baad759af9c470"
    integrity sha512-j8zoFze1gijl8+DK/dSXXqX7+o2lMYv1XS+ptnXgGV/eloQaqq1YjNtieepbKs9jBS4WTnMOqyKSaQuunJzx0A==
    dependencies:
      base64url "^3.0.1"
      buffer "^5.5.0"
      es6-promise "^4.2.8"
      lodash "^4.17.15"
      long "^4.0.0"
      node-forge "^0.10.0"
      pako "^1.0.11"
      process "^0.11.10"
      uuid "^3.3.3"
  
  node-kms@^0.4.0:
    version "0.4.0"
    resolved "https://registry.yarnpkg.com/node-kms/-/node-kms-0.4.0.tgz#6d20f57fefb418b46e7128eb1ee218dfb8eec643"
    integrity sha512-Tvhs7XTvBgWLZUrAeLKDqzvlomaZWwMoIXWImMc/IbvTijLoOrkovZo+PeW0ivf/8fBlg5EihPCwKg/dy9r+sA==
    dependencies:
      es6-promise "^2.0.1"
      lodash.clone "^3.0.2"
      lodash.clonedeep "^3.0.1"
      node-jose "^2.0.0"
      uuid "^2.0.1"
  
  node-scr@^0.3.0:
    version "0.3.0"
    resolved "https://registry.yarnpkg.com/node-scr/-/node-scr-0.3.0.tgz#ad6094890993c886b24dbfde5c613277a334b569"
    integrity sha512-Hb0ykojynSbt7ra6eml6NX39WAumFfU3G81XvLpp2H7y8KjQc29oEIf2TlgZQCfA+pyxbY5t4a1xBqPpyrbpvw==
    dependencies:
      es6-promise "^2.0.1"
      lodash.clone "^3.0.2"
      node-jose "^2.0.0"
  
  nwsapi@^2.0.9:
    version "2.2.0"
    resolved "https://registry.yarnpkg.com/nwsapi/-/nwsapi-2.2.0.tgz#204879a9e3d068ff2a55139c2c772780681a38b7"
    integrity sha512-h2AatdwYH+JHiZpv7pt/gSX1XoRGb7L/qSIeuqA6GwYoF9w1vP1cw42TO0aI2pNyshRK5893hNSl+1//vHK7hQ==
  
  oauth-sign@~0.9.0:
    version "0.9.0"
    resolved "https://registry.yarnpkg.com/oauth-sign/-/oauth-sign-0.9.0.tgz#47a7b016baa68b5fa0ecf3dee08a85c679ac6455"
    integrity sha512-fexhUFFPTGV8ybAtSIGbV6gOkSv8UtRbDBnAyLQw4QPKkgNlsH2ByPGtMUqdWkos6YCRmAqViwgZrJc/mRDzZQ==
  
  object-inspect@^1.9.0:
    version "1.10.3"
    resolved "https://registry.yarnpkg.com/object-inspect/-/object-inspect-1.10.3.tgz#c2aa7d2d09f50c99375704f7a0adf24c5782d369"
    integrity sha512-e5mCJlSH7poANfC8z8S9s9S2IN5/4Zb3aZ33f5s8YqoazCFzNLloLU8r5VCG+G7WoqLvAAZoVMcy3tp/3X0Plw==
  
  optionator@^0.8.1:
    version "0.8.3"
    resolved "https://registry.yarnpkg.com/optionator/-/optionator-0.8.3.tgz#84fa1d036fe9d3c7e21d99884b601167ec8fb495"
    integrity sha512-+IW9pACdk3XWmmTXG8m3upGUJst5XRGzxMRjXzAuJ1XnIFNvfhjjIuYkDvysnPQ7qzqVzLt78BCruntqRhWQbA==
    dependencies:
      deep-is "~0.1.3"
      fast-levenshtein "~2.0.6"
      levn "~0.3.0"
      prelude-ls "~1.1.2"
      type-check "~0.3.2"
      word-wrap "~1.2.3"
  
  pako@^1.0.11:
    version "1.0.11"
    resolved "https://registry.yarnpkg.com/pako/-/pako-1.0.11.tgz#6c9599d340d54dfd3946380252a35705a6b992bf"
    integrity sha512-4hLB8Py4zZce5s4yd9XzopqwVv/yGNhV1Bl8NTmCq1763HeK2+EwVTv+leGeL13Dnh2wfbqowVPXCIO0z4taYw==
  
  parse-headers@^2.0.2:
    version "2.0.3"
    resolved "https://registry.yarnpkg.com/parse-headers/-/parse-headers-2.0.3.tgz#5e8e7512383d140ba02f0c7aa9f49b4399c92515"
    integrity sha512-QhhZ+DCCit2Coi2vmAKbq5RGTRcQUOE2+REgv8vdyu7MnYx2eZztegqtTx99TZ86GTIwqiy3+4nQTWZ2tgmdCA==
  
  parse5@5.1.0:
    version "5.1.0"
    resolved "https://registry.yarnpkg.com/parse5/-/parse5-5.1.0.tgz#c59341c9723f414c452975564c7c00a68d58acd2"
    integrity sha512-fxNG2sQjHvlVAYmzBZS9YlDp6PTSSDwa98vkD4QgVDDCAo84z5X1t5XyJQ62ImdLXx5NdIIfihey6xpum9/gRQ==
  
  peek-readable@^3.1.3:
    version "3.1.3"
    resolved "https://registry.yarnpkg.com/peek-readable/-/peek-readable-3.1.3.tgz#932480d46cf6aa553c46c68566c4fb69a82cd2b1"
    integrity sha512-mpAcysyRJxmICBcBa5IXH7SZPvWkcghm6Fk8RekoS3v+BpbSzlZzuWbMx+GXrlUwESi9qHar4nVEZNMKylIHvg==
  
  performance-now@^2.1.0:
    version "2.1.0"
    resolved "https://registry.yarnpkg.com/performance-now/-/performance-now-2.1.0.tgz#6309f4e0e5fa913ec1c69307ae364b4b377c9e7b"
    integrity sha1-Ywn04OX6kT7BxpMHrjZLSzd8nns=
  
  pkijs@^2.1.84:
    version "2.1.95"
    resolved "https://registry.yarnpkg.com/pkijs/-/pkijs-2.1.95.tgz#f87f5ca69816ab765f9c5b5477056675249c885d"
    integrity sha512-e+lKETqg/YA1LdX+ld5tTr0VFDWI72XlZc87IGNaMsJX3aVDIC8kBAYOO4agCNSbpUAqjqLMRW5F0R5YQk9Z+Q==
    dependencies:
      asn1js "^2.1.1"
      bytestreamjs "^1.0.29"
      pvutils "^1.0.17"
  
  pn@^1.1.0:
    version "1.1.0"
    resolved "https://registry.yarnpkg.com/pn/-/pn-1.1.0.tgz#e2f4cef0e219f463c179ab37463e4e1ecdccbafb"
    integrity sha512-2qHaIQr2VLRFoxe2nASzsV6ef4yOOH+Fi9FBOVH6cqeSgUnoyySPZkxzLuzd+RYOQTRpROA0ztTMqxROKSb/nA==
  
  precond@0.2:
    version "0.2.3"
    resolved "https://registry.yarnpkg.com/precond/-/precond-0.2.3.tgz#aa9591bcaa24923f1e0f4849d240f47efc1075ac"
    integrity sha1-qpWRvKokkj8eD0hJ0kD0fvwQdaw=
  
  prelude-ls@~1.1.2:
    version "1.1.2"
    resolved "https://registry.yarnpkg.com/prelude-ls/-/prelude-ls-1.1.2.tgz#21932a549f5e52ffd9a827f570e04be62a97da54"
    integrity sha1-IZMqVJ9eUv/ZqCf1cOBL5iqX2lQ=
  
  process@^0.11.10:
    version "0.11.10"
    resolved "https://registry.yarnpkg.com/process/-/process-0.11.10.tgz#7332300e840161bda3e69a1d1d91a7d4bc16f182"
    integrity sha1-czIwDoQBYb2j5podHZGn1LwW8YI=
  
  pseudomap@^1.0.2:
    version "1.0.2"
    resolved "https://registry.yarnpkg.com/pseudomap/-/pseudomap-1.0.2.tgz#f052a28da70e618917ef0a8ac34c1ae5a68286b3"
    integrity sha1-8FKijacOYYkX7wqKw0wa5aaChrM=
  
  psl@^1.1.28:
    version "1.8.0"
    resolved "https://registry.yarnpkg.com/psl/-/psl-1.8.0.tgz#9326f8bcfb013adcc005fdff056acce020e51c24"
    integrity sha512-RIdOzyoavK+hA18OGGWDqUTsCLhtA7IcZ/6NCs4fFJaHBDab+pDDmDIByWFRQJq2Cd7r1OoQxBGKOaztq+hjIQ==
  
  punycode@^2.1.0, punycode@^2.1.1:
    version "2.1.1"
    resolved "https://registry.yarnpkg.com/punycode/-/punycode-2.1.1.tgz#b58b010ac40c22c5657616c8d2c2c02c7bf479ec"
    integrity sha512-XRsRjdf+j5ml+y/6GKHPZbrF/8p2Yga0JPtdqTIY2Xe5ohJPD9saDJJLPvp9+NSBprVvevdXZybnj2cv8OEd0A==
  
  pvtsutils@^1.1.2, pvtsutils@^1.1.6:
    version "1.1.7"
    resolved "https://registry.yarnpkg.com/pvtsutils/-/pvtsutils-1.1.7.tgz#39a65ccb3b7448c974f6a6141ce2aad037b3f13c"
    integrity sha512-faOiD/XpB/cIebRzYwzYjCmYgiDd53YEBni+Mt1+8/HlrARHYBpsU2OHOt3EZ1ZhfRNxPL0dH3K/vKaMgNWVGA==
    dependencies:
      tslib "^2.2.0"
  
  pvutils@^1.0.17, pvutils@latest:
    version "1.0.17"
    resolved "https://registry.yarnpkg.com/pvutils/-/pvutils-1.0.17.tgz#ade3c74dfe7178944fe44806626bd2e249d996bf"
    integrity sha512-wLHYUQxWaXVQvKnwIDWFVKDJku9XDCvyhhxoq8dc5MFdIlRenyPI9eSfEtcvgHgD7FlvCyGAlWgOzRnZD99GZQ==
  
  qs@^6.7.0:
    version "6.10.1"
    resolved "https://registry.yarnpkg.com/qs/-/qs-6.10.1.tgz#4931482fa8d647a5aab799c5271d2133b981fb6a"
    integrity sha512-M528Hph6wsSVOBiYUnGf+K/7w0hNshs/duGsNXPUCLH5XAqjEtiPGwNONLV0tBH8NoGb0mvD5JubnUTrujKDTg==
    dependencies:
      side-channel "^1.0.4"
  
  qs@~6.5.2:
    version "6.5.2"
    resolved "https://registry.yarnpkg.com/qs/-/qs-6.5.2.tgz#cb3ae806e8740444584ef154ce8ee98d403f3e36"
    integrity sha512-N5ZAX4/LxJmF+7wN74pUD6qAh9/wnvdQcjq9TZjevvXzSUo7bfmw91saqMjzGS2xq91/odN2dW/WOl7qQHNDGA==
  
  react-native-securerandom@^0.1.1:
    version "0.1.1"
    resolved "https://registry.yarnpkg.com/react-native-securerandom/-/react-native-securerandom-0.1.1.tgz#f130623a412c338b0afadedbc204c5cbb8bf2070"
    integrity sha1-8TBiOkEsM4sK+t7bwgTFy7i/IHA=
    dependencies:
      base64-js "*"
  
  "readable-stream@>=1.0.33-1 <1.1.0-0":
    version "1.0.34"
    resolved "https://registry.yarnpkg.com/readable-stream/-/readable-stream-1.0.34.tgz#125820e34bc842d2f2aaafafe4c2916ee32c157c"
    integrity sha1-Elgg40vIQtLyqq+v5MKRbuMsFXw=
    dependencies:
      core-util-is "~1.0.0"
      inherits "~2.0.1"
      isarray "0.0.1"
      string_decoder "~0.10.x"
  
  readable-stream@^3.6.0:
    version "3.6.0"
    resolved "https://registry.yarnpkg.com/readable-stream/-/readable-stream-3.6.0.tgz#337bbda3adc0706bd3e024426a286d4b4b2c9198"
    integrity sha512-BViHy7LKeTz4oNnkcLJ+lVSL6vpiFeX6/d3oSH8zCW7UxP2onchk+vTGB143xuFjHS3deTgkKoXXymXqymiIdA==
    dependencies:
      inherits "^2.0.3"
      string_decoder "^1.1.1"
      util-deprecate "^1.0.1"
  
  readable-web-to-node-stream@^3.0.0:
    version "3.0.1"
    resolved "https://registry.yarnpkg.com/readable-web-to-node-stream/-/readable-web-to-node-stream-3.0.1.tgz#3f619b1bc5dd73a4cfe5c5f9b4f6faba55dff845"
    integrity sha512-4zDC6CvjUyusN7V0QLsXVB7pJCD9+vtrM9bYDRv6uBQ+SKfx36rp5AFNPRgh9auKRul/a1iFZJYXcCbwRL+SaA==
    dependencies:
      "@types/readable-stream" "^2.3.9"
      readable-stream "^3.6.0"
  
  regenerator-runtime@^0.13.4:
    version "0.13.7"
    resolved "https://registry.yarnpkg.com/regenerator-runtime/-/regenerator-runtime-0.13.7.tgz#cac2dacc8a1ea675feaabaeb8ae833898ae46f55"
    integrity sha512-a54FxoJDIr27pgf7IgeQGxmqUNYrcV338lf/6gH456HZ/PhX+5BcwHXG9ajESmwe6WRO0tAzRUrRmNONWgkrew==
  
  request-promise-core@1.1.4:
    version "1.1.4"
    resolved "https://registry.yarnpkg.com/request-promise-core/-/request-promise-core-1.1.4.tgz#3eedd4223208d419867b78ce815167d10593a22f"
    integrity sha512-TTbAfBBRdWD7aNNOoVOBH4pN/KigV6LyapYNNlAPA8JwbovRti1E88m3sYAwsLi5ryhPKsE9APwnjFTgdUjTpw==
    dependencies:
      lodash "^4.17.19"
  
  request-promise-native@^1.0.5:
    version "1.0.9"
    resolved "https://registry.yarnpkg.com/request-promise-native/-/request-promise-native-1.0.9.tgz#e407120526a5efdc9a39b28a5679bf47b9d9dc28"
    integrity sha512-wcW+sIUiWnKgNY0dqCpOZkUbF/I+YPi+f09JZIDa39Ec+q82CpSYniDp+ISgTTbKmnpJWASeJBPZmoxH84wt3g==
    dependencies:
      request-promise-core "1.1.4"
      stealthy-require "^1.1.1"
      tough-cookie "^2.3.3"
  
  request@^2.88.0:
    version "2.88.2"
    resolved "https://registry.yarnpkg.com/request/-/request-2.88.2.tgz#d73c918731cb5a87da047e207234146f664d12b3"
    integrity sha512-MsvtOrfG9ZcrOwAW+Qi+F6HbD0CWXEh9ou77uOb7FM2WPhwT7smM833PzanhJLsgXjN89Ir6V2PczXNnMpwKhw==
    dependencies:
      aws-sign2 "~0.7.0"
      aws4 "^1.8.0"
      caseless "~0.12.0"
      combined-stream "~1.0.6"
      extend "~3.0.2"
      forever-agent "~0.6.1"
      form-data "~2.3.2"
      har-validator "~5.1.3"
      http-signature "~1.2.0"
      is-typedarray "~1.0.0"
      isstream "~0.1.2"
      json-stringify-safe "~5.0.1"
      mime-types "~2.1.19"
      oauth-sign "~0.9.0"
      performance-now "^2.1.0"
      qs "~6.5.2"
      safe-buffer "^5.1.2"
      tough-cookie "~2.5.0"
      tunnel-agent "^0.6.0"
      uuid "^3.3.2"
  
  rtcpeerconnection-shim@^1.2.15:
    version "1.2.15"
    resolved "https://registry.yarnpkg.com/rtcpeerconnection-shim/-/rtcpeerconnection-shim-1.2.15.tgz#e7cc189a81b435324c4949aa3dfb51888684b243"
    integrity sha512-C6DxhXt7bssQ1nHb154lqeL0SXz5Dx4RczXZu2Aa/L1NJFnEVDxFwCBo3fqtuljhHIGceg5JKBV4XJ0gW5JKyw==
    dependencies:
      sdp "^2.6.0"
  
  safe-buffer@*, safe-buffer@^5.0.1, safe-buffer@^5.1.2, safe-buffer@^5.2.0, safe-buffer@~5.2.0:
    version "5.2.1"
    resolved "https://registry.yarnpkg.com/safe-buffer/-/safe-buffer-5.2.1.tgz#1eaf9fa9bdb1fdd4ec75f58f9cdb4e6b7827eec6"
    integrity sha512-rp3So07KcdmmKbGvgaNxQSJr7bGVSVk5S9Eq1F+ppbRo70+YeaDxkw5Dd8NPN+GD6bjnYm2VuPuCXmpuYvmCXQ==
  
  safe-buffer@~5.1.0:
    version "5.1.2"
    resolved "https://registry.yarnpkg.com/safe-buffer/-/safe-buffer-5.1.2.tgz#991ec69d296e0313747d59bdfd2b745c35f8828d"
    integrity sha512-Gd2UZBJDkXlY7GbJxfsE8/nvKkUEU1G38c1siN6QP6a9PT9MmHB8GnpscSmMJSoF8LOIrt8ud/wPtojys4G6+g==
  
  "safer-buffer@>= 2.1.2 < 3", safer-buffer@^2.0.2, safer-buffer@^2.1.0, safer-buffer@~2.1.0:
    version "2.1.2"
    resolved "https://registry.yarnpkg.com/safer-buffer/-/safer-buffer-2.1.2.tgz#44fa161b0187b9549dd84bb91802f9bd8385cd6a"
    integrity sha512-YZo3K82SD7Riyi0E1EQPojLz7kpepnSQI9IyPbHHg1XXXevb5dJI7tpyN2ADxGcQbHG7vcyRHk0cbwqcQriUtg==
  
  saxes@^3.1.5:
    version "3.1.11"
    resolved "https://registry.yarnpkg.com/saxes/-/saxes-3.1.11.tgz#d59d1fd332ec92ad98a2e0b2ee644702384b1c5b"
    integrity sha512-Ydydq3zC+WYDJK1+gRxRapLIED9PWeSuuS41wqyoRmzvhhh9nc+QQrVMKJYzJFULazeGhzSV0QleN2wD3boh2g==
    dependencies:
      xmlchars "^2.1.1"
  
  sdp-transform@^2.12.0:
    version "2.14.1"
    resolved "https://registry.yarnpkg.com/sdp-transform/-/sdp-transform-2.14.1.tgz#2bb443583d478dee217df4caa284c46b870d5827"
    integrity sha512-RjZyX3nVwJyCuTo5tGPx+PZWkDMCg7oOLpSlhjDdZfwUoNqG1mM8nyj31IGHyaPWXhjbP7cdK3qZ2bmkJ1GzRw==
  
  sdp@^2.12.0, sdp@^2.6.0:
    version "2.12.0"
    resolved "https://registry.yarnpkg.com/sdp/-/sdp-2.12.0.tgz#338a106af7560c86e4523f858349680350d53b22"
    integrity sha512-jhXqQAQVM+8Xj5EjJGVweuEzgtGWb3tmEEpl3CLP3cStInSbVHSg0QWOGQzNq8pSID4JkpeV2mPqlMDLrm0/Vw==
  
  semver@^5.6.0:
    version "5.7.1"
    resolved "https://registry.yarnpkg.com/semver/-/semver-5.7.1.tgz#a954f931aeba508d307bbf069eff0c01c96116f7"
    integrity sha512-sauaDf/PZdVgrLTNYHRtpXa1iRiKcaebiKQ1BJdpQlWH2lCvexQdX55snPFyK7QzpudqbCI0qXFfOasHdyNDGQ==
  
  side-channel@^1.0.4:
    version "1.0.4"
    resolved "https://registry.yarnpkg.com/side-channel/-/side-channel-1.0.4.tgz#efce5c8fdc104ee751b25c58d4290011fa5ea2cf"
    integrity sha512-q5XPytqFEIKHkGdiMIrY10mvLRvnQh42/+GoBlFW3b2LXLE2xxJpZFdm94we0BaoV3RwJyGqg5wS7epxTv0Zvw==
    dependencies:
      call-bind "^1.0.0"
      get-intrinsic "^1.0.2"
      object-inspect "^1.9.0"
  
  source-map-support@^0.5.17:
    version "0.5.19"
    resolved "https://registry.yarnpkg.com/source-map-support/-/source-map-support-0.5.19.tgz#a98b62f86dcaf4f67399648c085291ab9e8fed61"
    integrity sha512-Wonm7zOCIJzBGQdB+thsPar0kYuCIzYvxZwlBa87yi/Mdjv7Tip2cyVbLj5o0cFPN4EVkuTwb3GDDyUx2DGnGw==
    dependencies:
      buffer-from "^1.0.0"
      source-map "^0.6.0"
  
  source-map@^0.6.0, source-map@~0.6.1:
    version "0.6.1"
    resolved "https://registry.yarnpkg.com/source-map/-/source-map-0.6.1.tgz#74722af32e9614e9c287a8d0bbde48b5e2f1a263"
    integrity sha512-UjgapumWlbMhkBgzT7Ykc5YXUT46F0iKu8SGXq0bcwP5dz/h0Plj6enJqjz1Zbq2l5WaqYnrVbwWOWMyF3F47g==
  
  sshpk@^1.7.0:
    version "1.16.1"
    resolved "https://registry.yarnpkg.com/sshpk/-/sshpk-1.16.1.tgz#fb661c0bef29b39db40769ee39fa70093d6f6877"
    integrity sha512-HXXqVUq7+pcKeLqqZj6mHFUMvXtOJt1uoUx09pFW6011inTMxqI8BA8PM95myrIyyKwdnzjdFjLiE6KBPVtJIg==
    dependencies:
      asn1 "~0.2.3"
      assert-plus "^1.0.0"
      bcrypt-pbkdf "^1.0.0"
      dashdash "^1.12.0"
      ecc-jsbn "~0.1.1"
      getpass "^0.1.1"
      jsbn "~0.1.0"
      safer-buffer "^2.0.2"
      tweetnacl "~0.14.0"
  
  stealthy-require@^1.1.1:
    version "1.1.1"
    resolved "https://registry.yarnpkg.com/stealthy-require/-/stealthy-require-1.1.1.tgz#35b09875b4ff49f26a777e509b3090a3226bf24b"
    integrity sha1-NbCYdbT/SfJqd35QmzCQoyJr8ks=
  
  str2buf@^1.3.0:
    version "1.3.0"
    resolved "https://registry.yarnpkg.com/str2buf/-/str2buf-1.3.0.tgz#a4172afff4310e67235178e738a2dbb573abead0"
    integrity sha512-xIBmHIUHYZDP4HyoXGHYNVmxlXLXDrtFHYT0eV6IOdEj3VO9ccaF1Ejl9Oq8iFjITllpT8FhaXb4KsNmw+3EuA==
  
  string_decoder@^1.1.1:
    version "1.3.0"
    resolved "https://registry.yarnpkg.com/string_decoder/-/string_decoder-1.3.0.tgz#42f114594a46cf1a8e30b0a84f56c78c3edac21e"
    integrity sha512-hkRX8U1WjJFd8LsDJ2yQ/wWWxaopEsABU1XfkM8A+j0+85JAGppt16cr1Whg6KIbb4okU6Mql6BOj+uup/wKeA==
    dependencies:
      safe-buffer "~5.2.0"
  
  string_decoder@~0.10.x:
    version "0.10.31"
    resolved "https://registry.yarnpkg.com/string_decoder/-/string_decoder-0.10.31.tgz#62e203bc41766c6c28c9fc84301dab1c5310fa94"
    integrity sha1-YuIDvEF2bGwoyfyEMB2rHFMQ+pQ=
  
  strtok3@^6.0.3:
    version "6.0.8"
    resolved "https://registry.yarnpkg.com/strtok3/-/strtok3-6.0.8.tgz#c839157f615c10ba0f4ae35067dad9959eeca346"
    integrity sha512-QLgv+oiXwXgCgp2PdPPa+Jpp4D9imK9e/0BsyfeFMr6QL6wMVqoVn9+OXQ9I7MZbmUzN6lmitTJ09uwS2OmGcw==
    dependencies:
      "@tokenizer/token" "^0.1.1"
      "@types/debug" "^4.1.5"
      peek-readable "^3.1.3"
  
  symbol-tree@^3.2.2:
    version "3.2.4"
    resolved "https://registry.yarnpkg.com/symbol-tree/-/symbol-tree-3.2.4.tgz#430637d248ba77e078883951fb9aa0eed7c63fa2"
    integrity sha512-9QNk5KwDF+Bvz+PyObkmSYjI5ksVUYtjW7AU22r2NKcfLJcXp96hkDWU3+XndOsUb+AQ9QhfzfCT2O+CNWT5Tw==
  
  through2@^0.6.3:
    version "0.6.5"
    resolved "https://registry.yarnpkg.com/through2/-/through2-0.6.5.tgz#41ab9c67b29d57209071410e1d7a7a968cd3ad48"
    integrity sha1-QaucZ7KdVyCQcUEOHXp6lozTrUg=
    dependencies:
      readable-stream ">=1.0.33-1 <1.1.0-0"
      xtend ">=4.0.0 <4.1.0-0"
  
  through@~2.3.4:
    version "2.3.8"
    resolved "https://registry.yarnpkg.com/through/-/through-2.3.8.tgz#0dd4c9ffaabc357960b1b724115d7e0e86a2e1f5"
    integrity sha1-DdTJ/6q8NXlgsbckEV1+Doai4fU=
  
  token-types@^2.0.0:
    version "2.1.1"
    resolved "https://registry.yarnpkg.com/token-types/-/token-types-2.1.1.tgz#bd585d64902aaf720b8979d257b4b850b4d45c45"
    integrity sha512-wnQcqlreS6VjthyHO3Y/kpK/emflxDBNhlNUPfh7wE39KnuDdOituXomIbyI79vBtF0Ninpkh72mcuRHo+RG3Q==
    dependencies:
      "@tokenizer/token" "^0.1.1"
      ieee754 "^1.2.1"
  
  tough-cookie@^2.3.3, tough-cookie@^2.5.0, tough-cookie@~2.5.0:
    version "2.5.0"
    resolved "https://registry.yarnpkg.com/tough-cookie/-/tough-cookie-2.5.0.tgz#cd9fb2a0aa1d5a12b473bd9fb96fa3dcff65ade2"
    integrity sha512-nlLsUzgm1kfLXSXfRZMc1KLAugd4hqJHDTvc2hDIwS3mZAfMEuMbc03SujMF+GEcpaX/qboeycw6iO8JwVv2+g==
    dependencies:
      psl "^1.1.28"
      punycode "^2.1.1"
  
  tr46@^1.0.1:
    version "1.0.1"
    resolved "https://registry.yarnpkg.com/tr46/-/tr46-1.0.1.tgz#a8b13fd6bfd2489519674ccde55ba3693b706d09"
    integrity sha1-qLE/1r/SSJUZZ0zN5VujaTtwbQk=
    dependencies:
      punycode "^2.1.0"
  
  ts-node@^9.1.1:
    version "9.1.1"
    resolved "https://registry.yarnpkg.com/ts-node/-/ts-node-9.1.1.tgz#51a9a450a3e959401bda5f004a72d54b936d376d"
    integrity sha512-hPlt7ZACERQGf03M253ytLY3dHbGNGrAq9qIHWUY9XHYl1z7wYngSr3OQ5xmui8o2AaxsONxIzjafLUiWBo1Fg==
    dependencies:
      arg "^4.1.0"
      create-require "^1.1.0"
      diff "^4.0.1"
      make-error "^1.1.1"
      source-map-support "^0.5.17"
      yn "3.1.1"
  
  tsc@^2.0.3:
    version "2.0.3"
    resolved "https://registry.yarnpkg.com/tsc/-/tsc-2.0.3.tgz#037fe579e3bd67a5cbdaa604b43c6c1991b04bef"
    integrity sha512-SN+9zBUtrpUcOpaUO7GjkEHgWtf22c7FKbKCA4e858eEM7Qz86rRDpgOU2lBIDf0fLCsEg65ms899UMUIB2+Ow==
  
  tslib@^2.0.0, tslib@^2.1.0, tslib@^2.2.0:
    version "2.2.0"
    resolved "https://registry.yarnpkg.com/tslib/-/tslib-2.2.0.tgz#fb2c475977e35e241311ede2693cee1ec6698f5c"
    integrity sha512-gS9GVHRU+RGn5KQM2rllAlR3dU6m7AcpJKdtH8gFvQiC4Otgk98XnmMU+nZenHt/+VhnBPWwgrJsyrdcw6i23w==
  
  tunnel-agent@^0.6.0:
    version "0.6.0"
    resolved "https://registry.yarnpkg.com/tunnel-agent/-/tunnel-agent-0.6.0.tgz#27a5dea06b36b04a0a9966774b290868f0fc40fd"
    integrity sha1-J6XeoGs2sEoKmWZ3SykIaPD8QP0=
    dependencies:
      safe-buffer "^5.0.1"
  
  tweetnacl@^0.14.3, tweetnacl@~0.14.0:
    version "0.14.5"
    resolved "https://registry.yarnpkg.com/tweetnacl/-/tweetnacl-0.14.5.tgz#5ae68177f192d4456269d108afa93ff8743f4f64"
    integrity sha1-WuaBd/GS1EViadEIr6k/+HQ/T2Q=
  
  type-check@~0.3.2:
    version "0.3.2"
    resolved "https://registry.yarnpkg.com/type-check/-/type-check-0.3.2.tgz#5884cab512cf1d355e3fb784f30804b2b520db72"
    integrity sha1-WITKtRLPHTVeP7eE8wgEsrUg23I=
    dependencies:
      prelude-ls "~1.1.2"
  
  typedarray-to-buffer@^3.1.5:
    version "3.1.5"
    resolved "https://registry.yarnpkg.com/typedarray-to-buffer/-/typedarray-to-buffer-3.1.5.tgz#a97ee7a9ff42691b9f783ff1bc5112fe3fca9080"
    integrity sha512-zdu8XMNEDepKKR+XYOXAVPtWui0ly0NtohUscw+UmaHiAWT8hrV1rr//H6V+0DvJ3OQ19S979M0laLfX8rm82Q==
    dependencies:
      is-typedarray "^1.0.0"
  
  typescript@^4.2.4:
    version "4.2.4"
    resolved "https://registry.yarnpkg.com/typescript/-/typescript-4.2.4.tgz#8610b59747de028fda898a8aef0e103f156d0961"
    integrity sha512-V+evlYHZnQkaz8TRBuxTA92yZBPotr5H+WhQ7bD3hZUndx5tGOa1fuCgeSjxAzM1RiN5IzvadIXTVefuuwZCRg==
  
  uri-js@^4.2.2:
    version "4.4.1"
    resolved "https://registry.yarnpkg.com/uri-js/-/uri-js-4.4.1.tgz#9b1a52595225859e55f669d928f88c6c57f2a77e"
    integrity sha512-7rKUyy33Q1yc98pQ1DAmLtwX109F7TIfWlW1Ydo8Wl1ii1SeHieeh0HHfPeL2fMXK6z0s8ecKs9frCuLJvndBg==
    dependencies:
      punycode "^2.1.0"
  
  urlsafe-base64@^1.0.0:
    version "1.0.0"
    resolved "https://registry.yarnpkg.com/urlsafe-base64/-/urlsafe-base64-1.0.0.tgz#23f89069a6c62f46cf3a1d3b00169cefb90be0c6"
    integrity sha1-I/iQaabGL0bPOh07ABac77kL4MY=
  
  util-deprecate@^1.0.1:
    version "1.0.2"
    resolved "https://registry.yarnpkg.com/util-deprecate/-/util-deprecate-1.0.2.tgz#450d4dc9fa70de732762fbd2d4a28981419a0ccf"
    integrity sha1-RQ1Nyfpw3nMnYvvS1KKJgUGaDM8=
  
  uuid@^2.0.1:
    version "2.0.3"
    resolved "https://registry.yarnpkg.com/uuid/-/uuid-2.0.3.tgz#67e2e863797215530dff318e5bf9dcebfd47b21a"
    integrity sha1-Z+LoY3lyFVMN/zGOW/nc6/1Hsho=
  
  uuid@^3.3.2, uuid@^3.3.3:
    version "3.4.0"
    resolved "https://registry.yarnpkg.com/uuid/-/uuid-3.4.0.tgz#b23e4358afa8a202fe7a100af1f5f883f02007ee"
    integrity sha512-HjSDRw6gZE5JMggctHBcjVak08+KEVhSIiDzFnT9S9aegmp85S/bReBVTb4QTFaRNptJ9kuYaNhnbNEOkbKb/A==
  
  uuid@^8.3.2:
    version "8.3.2"
    resolved "https://registry.yarnpkg.com/uuid/-/uuid-8.3.2.tgz#80d5b5ced271bb9af6c445f21a1a04c606cefbe2"
    integrity sha512-+NYs2QeMWy+GWFOEm9xnn6HCDp0l7QBD7ml8zLUmJ+93Q5NF0NocErnwkTkXVFNiX3/fpC6afS8Dhb/gz7R7eg==
  
  valid-url@^1.0.9:
    version "1.0.9"
    resolved "https://registry.yarnpkg.com/valid-url/-/valid-url-1.0.9.tgz#1c14479b40f1397a75782f115e4086447433a200"
    integrity sha1-HBRHm0DxOXp1eC8RXkCGRHQzogA=
  
  verror@1.10.0:
    version "1.10.0"
    resolved "https://registry.yarnpkg.com/verror/-/verror-1.10.0.tgz#3a105ca17053af55d6e270c1f8288682e18da400"
    integrity sha1-OhBcoXBTr1XW4nDB+CiGguGNpAA=
    dependencies:
      assert-plus "^1.0.0"
      core-util-is "1.0.2"
      extsprintf "^1.2.0"
  
  w3c-hr-time@^1.0.1:
    version "1.0.2"
    resolved "https://registry.yarnpkg.com/w3c-hr-time/-/w3c-hr-time-1.0.2.tgz#0a89cdf5cc15822df9c360543676963e0cc308cd"
    integrity sha512-z8P5DvDNjKDoFIHK7q8r8lackT6l+jo/Ye3HOle7l9nICP9lf1Ci25fy9vHd0JOWewkIFzXIEig3TdKT7JQ5fQ==
    dependencies:
      browser-process-hrtime "^1.0.0"
  
  w3c-xmlserializer@^1.0.1:
    version "1.1.2"
    resolved "https://registry.yarnpkg.com/w3c-xmlserializer/-/w3c-xmlserializer-1.1.2.tgz#30485ca7d70a6fd052420a3d12fd90e6339ce794"
    integrity sha512-p10l/ayESzrBMYWRID6xbuCKh2Fp77+sA0doRuGn4tTIMrrZVeqfpKjXHY+oDh3K4nLdPgNwMTVP6Vp4pvqbNg==
    dependencies:
      domexception "^1.0.1"
      webidl-conversions "^4.0.2"
      xml-name-validator "^3.0.0"
  
  webcrypto-core@^1.2.0:
    version "1.2.0"
    resolved "https://registry.yarnpkg.com/webcrypto-core/-/webcrypto-core-1.2.0.tgz#44fda3f9315ed6effe9a1e47466e0935327733b5"
    integrity sha512-p76Z/YLuE4CHCRdc49FB/ETaM4bzM3roqWNJeGs+QNY1fOTzKTOVnhmudW1fuO+5EZg6/4LG9NJ6gaAyxTk9XQ==
    dependencies:
      "@peculiar/asn1-schema" "^2.0.27"
      "@peculiar/json-schema" "^1.1.12"
      asn1js "^2.0.26"
      pvtsutils "^1.1.2"
      tslib "^2.1.0"
  
  webcrypto-shim@^0.1.4:
    version "0.1.7"
    resolved "https://registry.yarnpkg.com/webcrypto-shim/-/webcrypto-shim-0.1.7.tgz#da8be23061a0451cf23b424d4a9b61c10f091c12"
    integrity sha512-JAvAQR5mRNRxZW2jKigWMjCMkjSdmP5cColRP1U/pTg69VgHXEi1orv5vVpJ55Zc5MIaPc1aaurzd9pjv2bveg==
  
  webex@^1.120.0:
    version "1.120.0"
    resolved "https://registry.yarnpkg.com/webex/-/webex-1.120.0.tgz#ace396dbf2056bdacd6c1d6ce33ff86ab9ae9028"
    integrity sha512-tLUPlWsO4U5M35lZs5X3VpQVwdjMsWko9ujK3aRMGQxQ9gxzrqhkq+kClhqatU0GyapjRLR1nWPDJkYjv0MuHQ==
    dependencies:
      "@babel/polyfill" "^7.12.1"
      "@babel/runtime-corejs2" "^7.12.5"
      "@webex/internal-plugin-calendar" "1.120.0"
      "@webex/internal-plugin-device" "1.120.0"
      "@webex/internal-plugin-presence" "1.120.0"
      "@webex/internal-plugin-support" "1.120.0"
      "@webex/plugin-attachment-actions" "1.120.0"
      "@webex/plugin-authorization" "1.120.0"
      "@webex/plugin-device-manager" "1.120.0"
      "@webex/plugin-logger" "1.120.0"
      "@webex/plugin-meetings" "1.120.0"
      "@webex/plugin-memberships" "1.120.0"
      "@webex/plugin-messages" "1.120.0"
      "@webex/plugin-people" "1.120.0"
      "@webex/plugin-rooms" "1.120.0"
      "@webex/plugin-team-memberships" "1.120.0"
      "@webex/plugin-teams" "1.120.0"
      "@webex/plugin-webhooks" "1.120.0"
      "@webex/storage-adapter-local-storage" "1.120.0"
      "@webex/webex-core" "1.120.0"
      envify "^4.1.0"
      lodash "^4.17.21"
  
  webidl-conversions@^4.0.2:
    version "4.0.2"
    resolved "https://registry.yarnpkg.com/webidl-conversions/-/webidl-conversions-4.0.2.tgz#a855980b1f0b6b359ba1d5d9fb39ae941faa63ad"
    integrity sha512-YQ+BmxuTgd6UXZW3+ICGfyqRyHXVlD5GtQr5+qjiNW7bF0cqrzX500HVXPBOvgXb5YnzDd+h0zqyv61KUD7+Sg==
  
  webrtc-adapter@^7.7.0:
    version "7.7.1"
    resolved "https://registry.yarnpkg.com/webrtc-adapter/-/webrtc-adapter-7.7.1.tgz#b2c227a6144983b35057df67bd984a7d4bfd17f1"
    integrity sha512-TbrbBmiQBL9n0/5bvDdORc6ZfRY/Z7JnEj+EYOD1ghseZdpJ+nF2yx14k3LgQKc7JZnG7HAcL+zHnY25So9d7A==
    dependencies:
      rtcpeerconnection-shim "^1.2.15"
      sdp "^2.12.0"
  
  whatwg-encoding@^1.0.1, whatwg-encoding@^1.0.5:
    version "1.0.5"
    resolved "https://registry.yarnpkg.com/whatwg-encoding/-/whatwg-encoding-1.0.5.tgz#5abacf777c32166a51d085d6b4f3e7d27113ddb0"
    integrity sha512-b5lim54JOPN9HtzvK9HFXvBma/rnfFeqsic0hSpjtDbVxR3dJKLc+KB4V6GgiGOvl7CY/KNh8rxSo9DKQrnUEw==
    dependencies:
      iconv-lite "0.4.24"
  
  whatwg-mimetype@^2.2.0, whatwg-mimetype@^2.3.0:
    version "2.3.0"
    resolved "https://registry.yarnpkg.com/whatwg-mimetype/-/whatwg-mimetype-2.3.0.tgz#3d4b1e0312d2079879f826aff18dbeeca5960fbf"
    integrity sha512-M4yMwr6mAnQz76TbJm914+gPpB/nCwvZbJU28cUD6dR004SAxDLOOSUaB1JDRqLtaOV/vi0IC5lEAGFgrjGv/g==
  
  whatwg-url@^7.0.0:
    version "7.1.0"
    resolved "https://registry.yarnpkg.com/whatwg-url/-/whatwg-url-7.1.0.tgz#c2c492f1eca612988efd3d2266be1b9fc6170d06"
    integrity sha512-WUu7Rg1DroM7oQvGWfOiAK21n74Gg+T4elXEQYkOhtyLeWiJFoOGLXPKI/9gzIie9CtwVLm8wtw6YJdKyxSjeg==
    dependencies:
      lodash.sortby "^4.7.0"
      tr46 "^1.0.1"
      webidl-conversions "^4.0.2"
  
  which@^1.2.9:
    version "1.3.1"
    resolved "https://registry.yarnpkg.com/which/-/which-1.3.1.tgz#a45043d54f5805316da8d62f9f50918d3da70b0a"
    integrity sha512-HxJdYWq1MTIQbJ3nw0cqssHoTNU267KlrDuGZ1WYlxDStUtKUhOaJmh112/TZmHxxUfuJqPXSOm7tDyas0OSIQ==
    dependencies:
      isexe "^2.0.0"
  
  window@^4.2.7:
    version "4.2.7"
    resolved "https://registry.yarnpkg.com/window/-/window-4.2.7.tgz#e6fdf048a47cc33464e0b4bd2714e2b958418515"
    integrity sha512-goCWCr6B57F6V5HK92lfxwiGlswWyiUtu2Tkyr0L/co2L1Dn5SDayF9ZDTVoYqxfHRt7VEEC7SKbjDBU7TJPpg==
    dependencies:
      jsdom "13.2.0"
  
  word-wrap@~1.2.3:
    version "1.2.3"
    resolved "https://registry.yarnpkg.com/word-wrap/-/word-wrap-1.2.3.tgz#610636f6b1f703891bd34771ccb17fb93b47079c"
    integrity sha512-Hz/mrNwitNRh/HUAtM/VT/5VH+ygD6DV7mYKZAtHOrbs8U7lvPS6xf7EJKMF0uW1KJCl0H701g3ZGus+muE5vQ==
  
  ws@^4.1.0:
    version "4.1.0"
    resolved "https://registry.yarnpkg.com/ws/-/ws-4.1.0.tgz#a979b5d7d4da68bf54efe0408967c324869a7289"
    integrity sha512-ZGh/8kF9rrRNffkLFV4AzhvooEclrOH0xaugmqGsIfFgOE/pIz4fMc4Ef+5HSQqTEug2S9JZIWDR47duDSLfaA==
    dependencies:
      async-limiter "~1.0.0"
      safe-buffer "~5.1.0"
  
  ws@^6.1.2:
    version "6.2.1"
    resolved "https://registry.yarnpkg.com/ws/-/ws-6.2.1.tgz#442fdf0a47ed64f59b6a5d8ff130f4748ed524fb"
    integrity sha512-GIyAXC2cB7LjvpgMt9EKS2ldqr0MTrORaleiOno6TweZ6r3TKtoFQWay/2PceJ3RuBasOHzXNn5Lrw1X0bEjqA==
    dependencies:
      async-limiter "~1.0.0"
  
  ws@^7.4.4:
    version "7.4.5"
    resolved "https://registry.yarnpkg.com/ws/-/ws-7.4.5.tgz#a484dd851e9beb6fdb420027e3885e8ce48986c1"
    integrity sha512-xzyu3hFvomRfXKH8vOFMU3OguG6oOvhXMo3xsGy3xWExqaM2dxBbVxuD99O7m3ZUFMvvscsZDqxfgMaRr/Nr1g==
  
  xml-name-validator@^3.0.0:
    version "3.0.0"
    resolved "https://registry.yarnpkg.com/xml-name-validator/-/xml-name-validator-3.0.0.tgz#6ae73e06de4d8c6e47f9fb181f78d648ad457c6a"
    integrity sha512-A5CUptxDsvxKJEU3yO6DuWBSJz/qizqzJKOMIfUJHETbBw/sFaDxgd6fxm1ewUaM0jZ444Fc5vC5ROYurg/4Pw==
  
  xmlchars@^2.1.1:
    version "2.2.0"
    resolved "https://registry.yarnpkg.com/xmlchars/-/xmlchars-2.2.0.tgz#060fe1bcb7f9c76fe2a17db86a9bc3ab894210cb"
    integrity sha512-JZnDKK8B0RCDw84FNdDAIpZK+JuJw+s7Lz8nksI7SIuU3UXJJslUthsi+uWBUYOwPFwW7W7PRLRfUKpxjtjFCw==
  
  "xtend@>=4.0.0 <4.1.0-0", xtend@^4.0.2:
    version "4.0.2"
    resolved "https://registry.yarnpkg.com/xtend/-/xtend-4.0.2.tgz#bb72779f5fa465186b1f438f674fa347fdb5db54"
    integrity sha512-LKYU1iAXJXUgAXn9URjiu+MWhyUXHsvfp7mcuYm9dSUKK0/CjtrUwFAxD82/mCWbtLsGjFIad0wIsod4zrTAEQ==
  
  yallist@^2.1.2:
    version "2.1.2"
    resolved "https://registry.yarnpkg.com/yallist/-/yallist-2.1.2.tgz#1c11f9218f076089a47dd512f93c6699a6a81d52"
    integrity sha1-HBH5IY8HYImkfdUS+TxmmaaoHVI=
  
  yn@3.1.1:
    version "3.1.1"
    resolved "https://registry.yarnpkg.com/yn/-/yn-3.1.1.tgz#1e87401a09d767c1d5eab26a6e4c185182d2eb50"
    integrity sha512-Ux4ygGWsu2c7isFWe8Yu1YluJmqVhxqK2cLXNQA5AcC3QfbGNpM7fu0Y8b/z16pXLnFxZYvWhd3fhBY9DLmC6Q==
